Loading training data into memory...
[PosixPath('/public/home/chenhb/cheryl/implicit-shape-reconstruction/data/labels/verse111_23.nii.gz')]
[PosixPath('/public/home/chenhb/cheryl/implicit-shape-reconstruction/data/labels/verse127_22.nii.gz')]
[PosixPath('/public/home/chenhb/cheryl/implicit-shape-reconstruction/data/labels/verse026_20.nii.gz')]
[PosixPath('/public/home/chenhb/cheryl/implicit-shape-reconstruction/data/labels/verse265_23.nii.gz')]
[PosixPath('/public/home/chenhb/cheryl/implicit-shape-reconstruction/data/labels/verse063_22.nii.gz')]
[PosixPath('/public/home/chenhb/cheryl/implicit-shape-reconstruction/data/labels/verse022_23.nii.gz')]
[PosixPath('/public/home/chenhb/cheryl/implicit-shape-reconstruction/data/labels/verse270_23.nii.gz')]
[PosixPath('/public/home/chenhb/cheryl/implicit-shape-reconstruction/data/labels/verse152_24.nii.gz')]
[PosixPath('/public/home/chenhb/cheryl/implicit-shape-reconstruction/data/labels/verse137_21.nii.gz')]
[PosixPath('/public/home/chenhb/cheryl/implicit-shape-reconstruction/data/labels/verse151_24.nii.gz')]
[PosixPath('/public/home/chenhb/cheryl/implicit-shape-reconstruction/data/labels/verse096_20.nii.gz')]
[PosixPath('/public/home/chenhb/cheryl/implicit-shape-reconstruction/data/labels/verse071_24.nii.gz')]
[PosixPath('/public/home/chenhb/cheryl/implicit-shape-reconstruction/data/labels/verse063_24.nii.gz')]
[PosixPath('/public/home/chenhb/cheryl/implicit-shape-reconstruction/data/labels/verse138_21.nii.gz')]
[PosixPath('/public/home/chenhb/cheryl/implicit-shape-reconstruction/data/labels/verse130_21.nii.gz')]
[PosixPath('/public/home/chenhb/cheryl/implicit-shape-reconstruction/data/labels/verse147_23.nii.gz')]
[PosixPath('/public/home/chenhb/cheryl/implicit-shape-reconstruction/data/labels/verse144_24.nii.gz')]
[PosixPath('/public/home/chenhb/cheryl/implicit-shape-reconstruction/data/labels/verse080_24.nii.gz')]
[PosixPath('/public/home/chenhb/cheryl/implicit-shape-reconstruction/data/labels/verse075_21.nii.gz')]
[PosixPath('/public/home/chenhb/cheryl/implicit-shape-reconstruction/data/labels/verse151_23.nii.gz')]
[PosixPath('/public/home/chenhb/cheryl/implicit-shape-reconstruction/data/labels/verse147_20.nii.gz')]
[PosixPath('/public/home/chenhb/cheryl/implicit-shape-reconstruction/data/labels/verse080_22.nii.gz')]
[PosixPath('/public/home/chenhb/cheryl/implicit-shape-reconstruction/data/labels/verse093_23.nii.gz')]
[PosixPath('/public/home/chenhb/cheryl/implicit-shape-reconstruction/data/labels/verse104_24.nii.gz')]
[PosixPath('/public/home/chenhb/cheryl/implicit-shape-reconstruction/data/labels/verse082_23.nii.gz')]
[PosixPath('/public/home/chenhb/cheryl/implicit-shape-reconstruction/data/labels/verse104_22.nii.gz')]
[PosixPath('/public/home/chenhb/cheryl/implicit-shape-reconstruction/data/labels/verse269_21.nii.gz')]
[PosixPath('/public/home/chenhb/cheryl/implicit-shape-reconstruction/data/labels/verse271_22.nii.gz')]
[PosixPath('/public/home/chenhb/cheryl/implicit-shape-reconstruction/data/labels/verse063_20.nii.gz')]
[PosixPath('/public/home/chenhb/cheryl/implicit-shape-reconstruction/data/labels/verse264_22.nii.gz')]
[PosixPath('/public/home/chenhb/cheryl/implicit-shape-reconstruction/data/labels/verse005_24.nii.gz')]
[PosixPath('/public/home/chenhb/cheryl/implicit-shape-reconstruction/data/labels/verse082_21.nii.gz')]
[PosixPath('/public/home/chenhb/cheryl/implicit-shape-reconstruction/data/labels/verse147_24.nii.gz')]
[PosixPath('/public/home/chenhb/cheryl/implicit-shape-reconstruction/data/labels/verse152_21.nii.gz')]
[PosixPath('/public/home/chenhb/cheryl/implicit-shape-reconstruction/data/labels/verse151_21.nii.gz')]
[PosixPath('/public/home/chenhb/cheryl/implicit-shape-reconstruction/data/labels/verse078_24.nii.gz')]
[PosixPath('/public/home/chenhb/cheryl/implicit-shape-reconstruction/data/labels/verse133_24.nii.gz')]
[PosixPath('/public/home/chenhb/cheryl/implicit-shape-reconstruction/data/labels/verse071_23.nii.gz')]
[PosixPath('/public/home/chenhb/cheryl/implicit-shape-reconstruction/data/labels/verse075_20.nii.gz')]
[PosixPath('/public/home/chenhb/cheryl/implicit-shape-reconstruction/data/labels/verse267_20.nii.gz')]
[PosixPath('/public/home/chenhb/cheryl/implicit-shape-reconstruction/data/labels/verse111_21.nii.gz')]
[PosixPath('/public/home/chenhb/cheryl/implicit-shape-reconstruction/data/labels/verse070_22.nii.gz')]
[PosixPath('/public/home/chenhb/cheryl/implicit-shape-reconstruction/data/labels/verse130_24.nii.gz')]
[PosixPath('/public/home/chenhb/cheryl/implicit-shape-reconstruction/data/labels/verse124_21.nii.gz')]
[PosixPath('/public/home/chenhb/cheryl/implicit-shape-reconstruction/data/labels/verse264_20.nii.gz')]
[PosixPath('/public/home/chenhb/cheryl/implicit-shape-reconstruction/data/labels/verse022_24.nii.gz')]
[PosixPath('/public/home/chenhb/cheryl/implicit-shape-reconstruction/data/labels/verse088_20.nii.gz')]
[PosixPath('/public/home/chenhb/cheryl/implicit-shape-reconstruction/data/labels/verse072_24.nii.gz')]
[PosixPath('/public/home/chenhb/cheryl/implicit-shape-reconstruction/data/labels/verse093_20.nii.gz')]
[PosixPath('/public/home/chenhb/cheryl/implicit-shape-reconstruction/data/labels/verse253_21.nii.gz')]
[PosixPath('/public/home/chenhb/cheryl/implicit-shape-reconstruction/data/labels/verse051_21.nii.gz')]
[PosixPath('/public/home/chenhb/cheryl/implicit-shape-reconstruction/data/labels/verse135_20.nii.gz')]
[PosixPath('/public/home/chenhb/cheryl/implicit-shape-reconstruction/data/labels/verse130_20.nii.gz')]
[PosixPath('/public/home/chenhb/cheryl/implicit-shape-reconstruction/data/labels/verse266_23.nii.gz')]
[PosixPath('/public/home/chenhb/cheryl/implicit-shape-reconstruction/data/labels/verse267_21.nii.gz')]
[PosixPath('/public/home/chenhb/cheryl/implicit-shape-reconstruction/data/labels/verse144_21.nii.gz')]
[PosixPath('/public/home/chenhb/cheryl/implicit-shape-reconstruction/data/labels/verse071_20.nii.gz')]
[PosixPath('/public/home/chenhb/cheryl/implicit-shape-reconstruction/data/labels/verse026_24.nii.gz')]
[PosixPath('/public/home/chenhb/cheryl/implicit-shape-reconstruction/data/labels/verse070_23.nii.gz')]
[PosixPath('/public/home/chenhb/cheryl/implicit-shape-reconstruction/data/labels/verse080_21.nii.gz')]
[PosixPath('/public/home/chenhb/cheryl/implicit-shape-reconstruction/data/labels/verse081_21.nii.gz')]
[PosixPath('/public/home/chenhb/cheryl/implicit-shape-reconstruction/data/labels/verse290_20.nii.gz')]
[PosixPath('/public/home/chenhb/cheryl/implicit-shape-reconstruction/data/labels/verse265_24.nii.gz')]
[PosixPath('/public/home/chenhb/cheryl/implicit-shape-reconstruction/data/labels/verse104_21.nii.gz')]
[PosixPath('/public/home/chenhb/cheryl/implicit-shape-reconstruction/data/labels/verse022_21.nii.gz')]
[PosixPath('/public/home/chenhb/cheryl/implicit-shape-reconstruction/data/labels/verse146_23.nii.gz')]
[PosixPath('/public/home/chenhb/cheryl/implicit-shape-reconstruction/data/labels/verse070_24.nii.gz')]
[PosixPath('/public/home/chenhb/cheryl/implicit-shape-reconstruction/data/labels/verse080_20.nii.gz')]
[PosixPath('/public/home/chenhb/cheryl/implicit-shape-reconstruction/data/labels/verse290_23.nii.gz')]
[PosixPath('/public/home/chenhb/cheryl/implicit-shape-reconstruction/data/labels/verse270_21.nii.gz')]
[PosixPath('/public/home/chenhb/cheryl/implicit-shape-reconstruction/data/labels/verse071_22.nii.gz')]
[PosixPath('/public/home/chenhb/cheryl/implicit-shape-reconstruction/data/labels/verse124_23.nii.gz')]
[PosixPath('/public/home/chenhb/cheryl/implicit-shape-reconstruction/data/labels/verse107_24.nii.gz')]
[PosixPath('/public/home/chenhb/cheryl/implicit-shape-reconstruction/data/labels/verse133_21.nii.gz')]
[PosixPath('/public/home/chenhb/cheryl/implicit-shape-reconstruction/data/labels/verse144_23.nii.gz')]
[PosixPath('/public/home/chenhb/cheryl/implicit-shape-reconstruction/data/labels/verse266_21.nii.gz')]
[PosixPath('/public/home/chenhb/cheryl/implicit-shape-reconstruction/data/labels/verse145_24.nii.gz')]
[PosixPath('/public/home/chenhb/cheryl/implicit-shape-reconstruction/data/labels/verse051_23.nii.gz')]
[PosixPath('/public/home/chenhb/cheryl/implicit-shape-reconstruction/data/labels/verse102_20.nii.gz')]
[PosixPath('/public/home/chenhb/cheryl/implicit-shape-reconstruction/data/labels/verse071_21.nii.gz')]
[PosixPath('/public/home/chenhb/cheryl/implicit-shape-reconstruction/data/labels/verse267_24.nii.gz')]
[PosixPath('/public/home/chenhb/cheryl/implicit-shape-reconstruction/data/labels/verse104_20.nii.gz')]
[PosixPath('/public/home/chenhb/cheryl/implicit-shape-reconstruction/data/labels/verse134_20.nii.gz')]
[PosixPath('/public/home/chenhb/cheryl/implicit-shape-reconstruction/data/labels/verse026_23.nii.gz')]
[PosixPath('/public/home/chenhb/cheryl/implicit-shape-reconstruction/data/labels/verse088_21.nii.gz')]
[PosixPath('/public/home/chenhb/cheryl/implicit-shape-reconstruction/data/labels/verse146_24.nii.gz')]
[PosixPath('/public/home/chenhb/cheryl/implicit-shape-reconstruction/data/labels/verse113_21.nii.gz')]
[PosixPath('/public/home/chenhb/cheryl/implicit-shape-reconstruction/data/labels/verse082_20.nii.gz')]
[PosixPath('/public/home/chenhb/cheryl/implicit-shape-reconstruction/data/labels/verse113_23.nii.gz')]
[PosixPath('/public/home/chenhb/cheryl/implicit-shape-reconstruction/data/labels/verse265_21.nii.gz')]
[PosixPath('/public/home/chenhb/cheryl/implicit-shape-reconstruction/data/labels/verse127_20.nii.gz')]
[PosixPath('/public/home/chenhb/cheryl/implicit-shape-reconstruction/data/labels/verse269_22.nii.gz')]
[PosixPath('/public/home/chenhb/cheryl/implicit-shape-reconstruction/data/labels/verse152_22.nii.gz')]
[PosixPath('/public/home/chenhb/cheryl/implicit-shape-reconstruction/data/labels/verse137_24.nii.gz')]
[PosixPath('/public/home/chenhb/cheryl/implicit-shape-reconstruction/data/labels/verse113_24.nii.gz')]
[PosixPath('/public/home/chenhb/cheryl/implicit-shape-reconstruction/data/labels/verse010_20.nii.gz')]
[PosixPath('/public/home/chenhb/cheryl/implicit-shape-reconstruction/data/labels/verse124_24.nii.gz')]
[PosixPath('/public/home/chenhb/cheryl/implicit-shape-reconstruction/data/labels/verse265_20.nii.gz')]
[PosixPath('/public/home/chenhb/cheryl/implicit-shape-reconstruction/data/labels/verse266_20.nii.gz')]
[PosixPath('/public/home/chenhb/cheryl/implicit-shape-reconstruction/data/labels/verse271_23.nii.gz')]
[PosixPath('/public/home/chenhb/cheryl/implicit-shape-reconstruction/data/labels/verse088_24.nii.gz')]
[PosixPath('/public/home/chenhb/cheryl/implicit-shape-reconstruction/data/labels/verse005_20.nii.gz')]
[PosixPath('/public/home/chenhb/cheryl/implicit-shape-reconstruction/data/labels/verse137_20.nii.gz')]
[PosixPath('/public/home/chenhb/cheryl/implicit-shape-reconstruction/data/labels/verse264_23.nii.gz')]
[PosixPath('/public/home/chenhb/cheryl/implicit-shape-reconstruction/data/labels/verse096_22.nii.gz')]
[PosixPath('/public/home/chenhb/cheryl/implicit-shape-reconstruction/data/labels/verse145_22.nii.gz')]
[PosixPath('/public/home/chenhb/cheryl/implicit-shape-reconstruction/data/labels/verse290_22.nii.gz')]
[PosixPath('/public/home/chenhb/cheryl/implicit-shape-reconstruction/data/labels/verse253_20.nii.gz')]
[PosixPath('/public/home/chenhb/cheryl/implicit-shape-reconstruction/data/labels/verse147_22.nii.gz')]
[PosixPath('/public/home/chenhb/cheryl/implicit-shape-reconstruction/data/labels/verse093_22.nii.gz')]
[PosixPath('/public/home/chenhb/cheryl/implicit-shape-reconstruction/data/labels/verse022_22.nii.gz')]
[PosixPath('/public/home/chenhb/cheryl/implicit-shape-reconstruction/data/labels/verse063_21.nii.gz')]
[PosixPath('/public/home/chenhb/cheryl/implicit-shape-reconstruction/data/labels/verse144_20.nii.gz')]
[PosixPath('/public/home/chenhb/cheryl/implicit-shape-reconstruction/data/labels/verse063_23.nii.gz')]
[PosixPath('/public/home/chenhb/cheryl/implicit-shape-reconstruction/data/labels/verse107_21.nii.gz')]
[PosixPath('/public/home/chenhb/cheryl/implicit-shape-reconstruction/data/labels/verse107_20.nii.gz')]
[PosixPath('/public/home/chenhb/cheryl/implicit-shape-reconstruction/data/labels/verse102_22.nii.gz')]
[PosixPath('/public/home/chenhb/cheryl/implicit-shape-reconstruction/data/labels/verse072_23.nii.gz')]
[PosixPath('/public/home/chenhb/cheryl/implicit-shape-reconstruction/data/labels/verse135_24.nii.gz')]
[PosixPath('/public/home/chenhb/cheryl/implicit-shape-reconstruction/data/labels/verse264_21.nii.gz')]
[PosixPath('/public/home/chenhb/cheryl/implicit-shape-reconstruction/data/labels/verse145_23.nii.gz')]
[PosixPath('/public/home/chenhb/cheryl/implicit-shape-reconstruction/data/labels/verse113_22.nii.gz')]
[PosixPath('/public/home/chenhb/cheryl/implicit-shape-reconstruction/data/labels/verse078_20.nii.gz')]
[PosixPath('/public/home/chenhb/cheryl/implicit-shape-reconstruction/data/labels/verse253_24.nii.gz')]
[PosixPath('/public/home/chenhb/cheryl/implicit-shape-reconstruction/data/labels/verse078_22.nii.gz')]
[PosixPath('/public/home/chenhb/cheryl/implicit-shape-reconstruction/data/labels/verse133_22.nii.gz')]
[PosixPath('/public/home/chenhb/cheryl/implicit-shape-reconstruction/data/labels/verse270_20.nii.gz')]
[PosixPath('/public/home/chenhb/cheryl/implicit-shape-reconstruction/data/labels/verse269_23.nii.gz')]
[PosixPath('/public/home/chenhb/cheryl/implicit-shape-reconstruction/data/labels/verse155_23.nii.gz')]
[PosixPath('/public/home/chenhb/cheryl/implicit-shape-reconstruction/data/labels/verse102_23.nii.gz')]
[PosixPath('/public/home/chenhb/cheryl/implicit-shape-reconstruction/data/labels/verse155_22.nii.gz')]
[PosixPath('/public/home/chenhb/cheryl/implicit-shape-reconstruction/data/labels/verse101_24.nii.gz')]
[PosixPath('/public/home/chenhb/cheryl/implicit-shape-reconstruction/data/labels/verse124_22.nii.gz')]
[PosixPath('/public/home/chenhb/cheryl/implicit-shape-reconstruction/data/labels/verse145_21.nii.gz')]
[PosixPath('/public/home/chenhb/cheryl/implicit-shape-reconstruction/data/labels/verse152_23.nii.gz')]
[PosixPath('/public/home/chenhb/cheryl/implicit-shape-reconstruction/data/labels/verse010_24.nii.gz')]
[PosixPath('/public/home/chenhb/cheryl/implicit-shape-reconstruction/data/labels/verse270_24.nii.gz')]
[PosixPath('/public/home/chenhb/cheryl/implicit-shape-reconstruction/data/labels/verse130_23.nii.gz')]
[PosixPath('/public/home/chenhb/cheryl/implicit-shape-reconstruction/data/labels/verse051_24.nii.gz')]
[PosixPath('/public/home/chenhb/cheryl/implicit-shape-reconstruction/data/labels/verse155_24.nii.gz')]
[PosixPath('/public/home/chenhb/cheryl/implicit-shape-reconstruction/data/labels/verse010_23.nii.gz')]
[PosixPath('/public/home/chenhb/cheryl/implicit-shape-reconstruction/data/labels/verse026_22.nii.gz')]
[PosixPath('/public/home/chenhb/cheryl/implicit-shape-reconstruction/data/labels/verse101_20.nii.gz')]
[PosixPath('/public/home/chenhb/cheryl/implicit-shape-reconstruction/data/labels/verse078_21.nii.gz')]
[PosixPath('/public/home/chenhb/cheryl/implicit-shape-reconstruction/data/labels/verse051_22.nii.gz')]
[PosixPath('/public/home/chenhb/cheryl/implicit-shape-reconstruction/data/labels/verse269_20.nii.gz')]
[PosixPath('/public/home/chenhb/cheryl/implicit-shape-reconstruction/data/labels/verse102_21.nii.gz')]
[PosixPath('/public/home/chenhb/cheryl/implicit-shape-reconstruction/data/labels/verse267_23.nii.gz')]
[PosixPath('/public/home/chenhb/cheryl/implicit-shape-reconstruction/data/labels/verse138_22.nii.gz')]
[PosixPath('/public/home/chenhb/cheryl/implicit-shape-reconstruction/data/labels/verse101_21.nii.gz')]
[PosixPath('/public/home/chenhb/cheryl/implicit-shape-reconstruction/data/labels/verse138_23.nii.gz')]
[PosixPath('/public/home/chenhb/cheryl/implicit-shape-reconstruction/data/labels/verse096_23.nii.gz')]
[PosixPath('/public/home/chenhb/cheryl/implicit-shape-reconstruction/data/labels/verse026_21.nii.gz')]
[PosixPath('/public/home/chenhb/cheryl/implicit-shape-reconstruction/data/labels/verse135_22.nii.gz')]
[PosixPath('/public/home/chenhb/cheryl/implicit-shape-reconstruction/data/labels/verse134_23.nii.gz')]
[PosixPath('/public/home/chenhb/cheryl/implicit-shape-reconstruction/data/labels/verse072_22.nii.gz')]
[PosixPath('/public/home/chenhb/cheryl/implicit-shape-reconstruction/data/labels/verse125_20.nii.gz')]
[PosixPath('/public/home/chenhb/cheryl/implicit-shape-reconstruction/data/labels/verse271_20.nii.gz')]
[PosixPath('/public/home/chenhb/cheryl/implicit-shape-reconstruction/data/labels/verse290_21.nii.gz')]
[PosixPath('/public/home/chenhb/cheryl/implicit-shape-reconstruction/data/labels/verse005_23.nii.gz')]
[PosixPath('/public/home/chenhb/cheryl/implicit-shape-reconstruction/data/labels/verse101_22.nii.gz')]
[PosixPath('/public/home/chenhb/cheryl/implicit-shape-reconstruction/data/labels/verse107_22.nii.gz')]
[PosixPath('/public/home/chenhb/cheryl/implicit-shape-reconstruction/data/labels/verse005_22.nii.gz')]
[PosixPath('/public/home/chenhb/cheryl/implicit-shape-reconstruction/data/labels/verse127_24.nii.gz')]
[PosixPath('/public/home/chenhb/cheryl/implicit-shape-reconstruction/data/labels/verse152_20.nii.gz')]
[PosixPath('/public/home/chenhb/cheryl/implicit-shape-reconstruction/data/labels/verse127_21.nii.gz')]
[PosixPath('/public/home/chenhb/cheryl/implicit-shape-reconstruction/data/labels/verse080_23.nii.gz')]
[PosixPath('/public/home/chenhb/cheryl/implicit-shape-reconstruction/data/labels/verse051_20.nii.gz')]
[PosixPath('/public/home/chenhb/cheryl/implicit-shape-reconstruction/data/labels/verse265_22.nii.gz')]
[PosixPath('/public/home/chenhb/cheryl/implicit-shape-reconstruction/data/labels/verse138_20.nii.gz')]
[PosixPath('/public/home/chenhb/cheryl/implicit-shape-reconstruction/data/labels/verse270_22.nii.gz')]
[PosixPath('/public/home/chenhb/cheryl/implicit-shape-reconstruction/data/labels/verse093_21.nii.gz')]
[PosixPath('/public/home/chenhb/cheryl/implicit-shape-reconstruction/data/labels/verse155_21.nii.gz')]
[PosixPath('/public/home/chenhb/cheryl/implicit-shape-reconstruction/data/labels/verse124_20.nii.gz')]
[PosixPath('/public/home/chenhb/cheryl/implicit-shape-reconstruction/data/labels/verse145_20.nii.gz')]
[PosixPath('/public/home/chenhb/cheryl/implicit-shape-reconstruction/data/labels/verse010_21.nii.gz')]
[PosixPath('/public/home/chenhb/cheryl/implicit-shape-reconstruction/data/labels/verse075_22.nii.gz')]
[PosixPath('/public/home/chenhb/cheryl/implicit-shape-reconstruction/data/labels/verse151_20.nii.gz')]
[PosixPath('/public/home/chenhb/cheryl/implicit-shape-reconstruction/data/labels/verse135_21.nii.gz')]
[PosixPath('/public/home/chenhb/cheryl/implicit-shape-reconstruction/data/labels/verse267_22.nii.gz')]
[PosixPath('/public/home/chenhb/cheryl/implicit-shape-reconstruction/data/labels/verse134_22.nii.gz')]
[PosixPath('/public/home/chenhb/cheryl/implicit-shape-reconstruction/data/labels/verse134_21.nii.gz')]
[PosixPath('/public/home/chenhb/cheryl/implicit-shape-reconstruction/data/labels/verse102_24.nii.gz')]
[PosixPath('/public/home/chenhb/cheryl/implicit-shape-reconstruction/data/labels/verse005_21.nii.gz')]
[PosixPath('/public/home/chenhb/cheryl/implicit-shape-reconstruction/data/labels/verse022_20.nii.gz')]
[PosixPath('/public/home/chenhb/cheryl/implicit-shape-reconstruction/data/labels/verse271_21.nii.gz')]
[PosixPath('/public/home/chenhb/cheryl/implicit-shape-reconstruction/data/labels/verse134_24.nii.gz')]
[PosixPath('/public/home/chenhb/cheryl/implicit-shape-reconstruction/data/labels/verse144_22.nii.gz')]
[PosixPath('/public/home/chenhb/cheryl/implicit-shape-reconstruction/data/labels/verse147_21.nii.gz')]
[PosixPath('/public/home/chenhb/cheryl/implicit-shape-reconstruction/data/labels/verse146_22.nii.gz')]
[PosixPath('/public/home/chenhb/cheryl/implicit-shape-reconstruction/data/labels/verse093_24.nii.gz')]
[PosixPath('/public/home/chenhb/cheryl/implicit-shape-reconstruction/data/labels/verse266_22.nii.gz')]
[PosixPath('/public/home/chenhb/cheryl/implicit-shape-reconstruction/data/labels/verse269_24.nii.gz')]
[PosixPath('/public/home/chenhb/cheryl/implicit-shape-reconstruction/data/labels/verse072_21.nii.gz')]
[PosixPath('/public/home/chenhb/cheryl/implicit-shape-reconstruction/data/labels/verse088_22.nii.gz')]
[PosixPath('/public/home/chenhb/cheryl/implicit-shape-reconstruction/data/labels/verse151_22.nii.gz')]
[PosixPath('/public/home/chenhb/cheryl/implicit-shape-reconstruction/data/labels/verse111_20.nii.gz')]
[PosixPath('/public/home/chenhb/cheryl/implicit-shape-reconstruction/data/labels/verse082_24.nii.gz')]
[PosixPath('/public/home/chenhb/cheryl/implicit-shape-reconstruction/data/labels/verse072_20.nii.gz')]
[PosixPath('/public/home/chenhb/cheryl/implicit-shape-reconstruction/data/labels/verse253_22.nii.gz')]
[PosixPath('/public/home/chenhb/cheryl/implicit-shape-reconstruction/data/labels/verse271_24.nii.gz')]
[PosixPath('/public/home/chenhb/cheryl/implicit-shape-reconstruction/data/labels/verse070_20.nii.gz')]
[PosixPath('/public/home/chenhb/cheryl/implicit-shape-reconstruction/data/labels/verse133_23.nii.gz')]
[PosixPath('/public/home/chenhb/cheryl/implicit-shape-reconstruction/data/labels/verse290_24.nii.gz')]
[PosixPath('/public/home/chenhb/cheryl/implicit-shape-reconstruction/data/labels/verse081_20.nii.gz')]
[PosixPath('/public/home/chenhb/cheryl/implicit-shape-reconstruction/data/labels/verse127_23.nii.gz')]
[PosixPath('/public/home/chenhb/cheryl/implicit-shape-reconstruction/data/labels/verse116_24.nii.gz')]
[PosixPath('/public/home/chenhb/cheryl/implicit-shape-reconstruction/data/labels/verse078_23.nii.gz')]
[PosixPath('/public/home/chenhb/cheryl/implicit-shape-reconstruction/data/labels/verse082_22.nii.gz')]
[PosixPath('/public/home/chenhb/cheryl/implicit-shape-reconstruction/data/labels/verse088_23.nii.gz')]
[PosixPath('/public/home/chenhb/cheryl/implicit-shape-reconstruction/data/labels/verse137_23.nii.gz')]
[PosixPath('/public/home/chenhb/cheryl/implicit-shape-reconstruction/data/labels/verse101_23.nii.gz')]
[PosixPath('/public/home/chenhb/cheryl/implicit-shape-reconstruction/data/labels/verse155_20.nii.gz')]
[PosixPath('/public/home/chenhb/cheryl/implicit-shape-reconstruction/data/labels/verse264_24.nii.gz')]
[PosixPath('/public/home/chenhb/cheryl/implicit-shape-reconstruction/data/labels/verse107_23.nii.gz')]
[PosixPath('/public/home/chenhb/cheryl/implicit-shape-reconstruction/data/labels/verse104_23.nii.gz')]
[PosixPath('/public/home/chenhb/cheryl/implicit-shape-reconstruction/data/labels/verse096_21.nii.gz')]
[PosixPath('/public/home/chenhb/cheryl/implicit-shape-reconstruction/data/labels/verse138_24.nii.gz')]
[PosixPath('/public/home/chenhb/cheryl/implicit-shape-reconstruction/data/labels/verse137_22.nii.gz')]
[PosixPath('/public/home/chenhb/cheryl/implicit-shape-reconstruction/data/labels/verse070_21.nii.gz')]
[PosixPath('/public/home/chenhb/cheryl/implicit-shape-reconstruction/data/labels/verse096_24.nii.gz')]
[PosixPath('/public/home/chenhb/cheryl/implicit-shape-reconstruction/data/labels/verse266_24.nii.gz')]
[PosixPath('/public/home/chenhb/cheryl/implicit-shape-reconstruction/data/labels/verse253_23.nii.gz')]
[PosixPath('/public/home/chenhb/cheryl/implicit-shape-reconstruction/data/labels/verse113_25.nii.gz')]
[PosixPath('/public/home/chenhb/cheryl/implicit-shape-reconstruction/data/labels/verse111_22.nii.gz')]
[PosixPath('/public/home/chenhb/cheryl/implicit-shape-reconstruction/data/labels/verse010_22.nii.gz')]
[PosixPath('/public/home/chenhb/cheryl/implicit-shape-reconstruction/data/labels/verse111_24.nii.gz')]
[PosixPath('/public/home/chenhb/cheryl/implicit-shape-reconstruction/data/labels/verse130_22.nii.gz')]
[PosixPath('/public/home/chenhb/cheryl/implicit-shape-reconstruction/data/labels/verse133_20.nii.gz')]
[PosixPath('/public/home/chenhb/cheryl/implicit-shape-reconstruction/data/labels/verse135_23.nii.gz')]
Volume size: tensor([128., 128., 128.]).
Loading training data done (230 images): 7.84s
Loading validation data into memory...
[PosixPath('/public/home/chenhb/cheryl/implicit-shape-reconstruction/data/labels/verse111_23.nii.gz')]
[PosixPath('/public/home/chenhb/cheryl/implicit-shape-reconstruction/data/labels/verse127_22.nii.gz')]
[PosixPath('/public/home/chenhb/cheryl/implicit-shape-reconstruction/data/labels/verse026_20.nii.gz')]
[PosixPath('/public/home/chenhb/cheryl/implicit-shape-reconstruction/data/labels/verse265_23.nii.gz')]
[PosixPath('/public/home/chenhb/cheryl/implicit-shape-reconstruction/data/labels/verse063_22.nii.gz')]
[PosixPath('/public/home/chenhb/cheryl/implicit-shape-reconstruction/data/labels/verse022_23.nii.gz')]
[PosixPath('/public/home/chenhb/cheryl/implicit-shape-reconstruction/data/labels/verse270_23.nii.gz')]
[PosixPath('/public/home/chenhb/cheryl/implicit-shape-reconstruction/data/labels/verse152_24.nii.gz')]
[PosixPath('/public/home/chenhb/cheryl/implicit-shape-reconstruction/data/labels/verse137_21.nii.gz')]
[PosixPath('/public/home/chenhb/cheryl/implicit-shape-reconstruction/data/labels/verse151_24.nii.gz')]
[PosixPath('/public/home/chenhb/cheryl/implicit-shape-reconstruction/data/labels/verse096_20.nii.gz')]
[PosixPath('/public/home/chenhb/cheryl/implicit-shape-reconstruction/data/labels/verse071_24.nii.gz')]
[PosixPath('/public/home/chenhb/cheryl/implicit-shape-reconstruction/data/labels/verse063_24.nii.gz')]
[PosixPath('/public/home/chenhb/cheryl/implicit-shape-reconstruction/data/labels/verse138_21.nii.gz')]
[PosixPath('/public/home/chenhb/cheryl/implicit-shape-reconstruction/data/labels/verse130_21.nii.gz')]
[PosixPath('/public/home/chenhb/cheryl/implicit-shape-reconstruction/data/labels/verse147_23.nii.gz')]
[PosixPath('/public/home/chenhb/cheryl/implicit-shape-reconstruction/data/labels/verse144_24.nii.gz')]
[PosixPath('/public/home/chenhb/cheryl/implicit-shape-reconstruction/data/labels/verse080_24.nii.gz')]
[PosixPath('/public/home/chenhb/cheryl/implicit-shape-reconstruction/data/labels/verse075_21.nii.gz')]
[PosixPath('/public/home/chenhb/cheryl/implicit-shape-reconstruction/data/labels/verse151_23.nii.gz')]
[PosixPath('/public/home/chenhb/cheryl/implicit-shape-reconstruction/data/labels/verse147_20.nii.gz')]
[PosixPath('/public/home/chenhb/cheryl/implicit-shape-reconstruction/data/labels/verse080_22.nii.gz')]
[PosixPath('/public/home/chenhb/cheryl/implicit-shape-reconstruction/data/labels/verse093_23.nii.gz')]
[PosixPath('/public/home/chenhb/cheryl/implicit-shape-reconstruction/data/labels/verse104_24.nii.gz')]
[PosixPath('/public/home/chenhb/cheryl/implicit-shape-reconstruction/data/labels/verse082_23.nii.gz')]
[PosixPath('/public/home/chenhb/cheryl/implicit-shape-reconstruction/data/labels/verse104_22.nii.gz')]
[PosixPath('/public/home/chenhb/cheryl/implicit-shape-reconstruction/data/labels/verse269_21.nii.gz')]
[PosixPath('/public/home/chenhb/cheryl/implicit-shape-reconstruction/data/labels/verse271_22.nii.gz')]
[PosixPath('/public/home/chenhb/cheryl/implicit-shape-reconstruction/data/labels/verse063_20.nii.gz')]
[PosixPath('/public/home/chenhb/cheryl/implicit-shape-reconstruction/data/labels/verse264_22.nii.gz')]
[PosixPath('/public/home/chenhb/cheryl/implicit-shape-reconstruction/data/labels/verse005_24.nii.gz')]
[PosixPath('/public/home/chenhb/cheryl/implicit-shape-reconstruction/data/labels/verse082_21.nii.gz')]
[PosixPath('/public/home/chenhb/cheryl/implicit-shape-reconstruction/data/labels/verse147_24.nii.gz')]
[PosixPath('/public/home/chenhb/cheryl/implicit-shape-reconstruction/data/labels/verse152_21.nii.gz')]
[PosixPath('/public/home/chenhb/cheryl/implicit-shape-reconstruction/data/labels/verse151_21.nii.gz')]
[PosixPath('/public/home/chenhb/cheryl/implicit-shape-reconstruction/data/labels/verse078_24.nii.gz')]
[PosixPath('/public/home/chenhb/cheryl/implicit-shape-reconstruction/data/labels/verse133_24.nii.gz')]
[PosixPath('/public/home/chenhb/cheryl/implicit-shape-reconstruction/data/labels/verse071_23.nii.gz')]
[PosixPath('/public/home/chenhb/cheryl/implicit-shape-reconstruction/data/labels/verse075_20.nii.gz')]
[PosixPath('/public/home/chenhb/cheryl/implicit-shape-reconstruction/data/labels/verse267_20.nii.gz')]
[PosixPath('/public/home/chenhb/cheryl/implicit-shape-reconstruction/data/labels/verse111_21.nii.gz')]
[PosixPath('/public/home/chenhb/cheryl/implicit-shape-reconstruction/data/labels/verse070_22.nii.gz')]
[PosixPath('/public/home/chenhb/cheryl/implicit-shape-reconstruction/data/labels/verse130_24.nii.gz')]
[PosixPath('/public/home/chenhb/cheryl/implicit-shape-reconstruction/data/labels/verse124_21.nii.gz')]
[PosixPath('/public/home/chenhb/cheryl/implicit-shape-reconstruction/data/labels/verse264_20.nii.gz')]
[PosixPath('/public/home/chenhb/cheryl/implicit-shape-reconstruction/data/labels/verse022_24.nii.gz')]
[PosixPath('/public/home/chenhb/cheryl/implicit-shape-reconstruction/data/labels/verse088_20.nii.gz')]
[PosixPath('/public/home/chenhb/cheryl/implicit-shape-reconstruction/data/labels/verse072_24.nii.gz')]
[PosixPath('/public/home/chenhb/cheryl/implicit-shape-reconstruction/data/labels/verse093_20.nii.gz')]
[PosixPath('/public/home/chenhb/cheryl/implicit-shape-reconstruction/data/labels/verse253_21.nii.gz')]
[PosixPath('/public/home/chenhb/cheryl/implicit-shape-reconstruction/data/labels/verse051_21.nii.gz')]
[PosixPath('/public/home/chenhb/cheryl/implicit-shape-reconstruction/data/labels/verse135_20.nii.gz')]
[PosixPath('/public/home/chenhb/cheryl/implicit-shape-reconstruction/data/labels/verse130_20.nii.gz')]
[PosixPath('/public/home/chenhb/cheryl/implicit-shape-reconstruction/data/labels/verse266_23.nii.gz')]
[PosixPath('/public/home/chenhb/cheryl/implicit-shape-reconstruction/data/labels/verse267_21.nii.gz')]
[PosixPath('/public/home/chenhb/cheryl/implicit-shape-reconstruction/data/labels/verse144_21.nii.gz')]
[PosixPath('/public/home/chenhb/cheryl/implicit-shape-reconstruction/data/labels/verse071_20.nii.gz')]
[PosixPath('/public/home/chenhb/cheryl/implicit-shape-reconstruction/data/labels/verse026_24.nii.gz')]
[PosixPath('/public/home/chenhb/cheryl/implicit-shape-reconstruction/data/labels/verse070_23.nii.gz')]
[PosixPath('/public/home/chenhb/cheryl/implicit-shape-reconstruction/data/labels/verse080_21.nii.gz')]
[PosixPath('/public/home/chenhb/cheryl/implicit-shape-reconstruction/data/labels/verse081_21.nii.gz')]
[PosixPath('/public/home/chenhb/cheryl/implicit-shape-reconstruction/data/labels/verse290_20.nii.gz')]
[PosixPath('/public/home/chenhb/cheryl/implicit-shape-reconstruction/data/labels/verse265_24.nii.gz')]
[PosixPath('/public/home/chenhb/cheryl/implicit-shape-reconstruction/data/labels/verse104_21.nii.gz')]
[PosixPath('/public/home/chenhb/cheryl/implicit-shape-reconstruction/data/labels/verse022_21.nii.gz')]
[PosixPath('/public/home/chenhb/cheryl/implicit-shape-reconstruction/data/labels/verse146_23.nii.gz')]
[PosixPath('/public/home/chenhb/cheryl/implicit-shape-reconstruction/data/labels/verse070_24.nii.gz')]
[PosixPath('/public/home/chenhb/cheryl/implicit-shape-reconstruction/data/labels/verse080_20.nii.gz')]
[PosixPath('/public/home/chenhb/cheryl/implicit-shape-reconstruction/data/labels/verse290_23.nii.gz')]
[PosixPath('/public/home/chenhb/cheryl/implicit-shape-reconstruction/data/labels/verse270_21.nii.gz')]
[PosixPath('/public/home/chenhb/cheryl/implicit-shape-reconstruction/data/labels/verse071_22.nii.gz')]
[PosixPath('/public/home/chenhb/cheryl/implicit-shape-reconstruction/data/labels/verse124_23.nii.gz')]
[PosixPath('/public/home/chenhb/cheryl/implicit-shape-reconstruction/data/labels/verse107_24.nii.gz')]
[PosixPath('/public/home/chenhb/cheryl/implicit-shape-reconstruction/data/labels/verse133_21.nii.gz')]
[PosixPath('/public/home/chenhb/cheryl/implicit-shape-reconstruction/data/labels/verse144_23.nii.gz')]
[PosixPath('/public/home/chenhb/cheryl/implicit-shape-reconstruction/data/labels/verse266_21.nii.gz')]
[PosixPath('/public/home/chenhb/cheryl/implicit-shape-reconstruction/data/labels/verse145_24.nii.gz')]
[PosixPath('/public/home/chenhb/cheryl/implicit-shape-reconstruction/data/labels/verse051_23.nii.gz')]
[PosixPath('/public/home/chenhb/cheryl/implicit-shape-reconstruction/data/labels/verse102_20.nii.gz')]
[PosixPath('/public/home/chenhb/cheryl/implicit-shape-reconstruction/data/labels/verse071_21.nii.gz')]
[PosixPath('/public/home/chenhb/cheryl/implicit-shape-reconstruction/data/labels/verse267_24.nii.gz')]
[PosixPath('/public/home/chenhb/cheryl/implicit-shape-reconstruction/data/labels/verse104_20.nii.gz')]
[PosixPath('/public/home/chenhb/cheryl/implicit-shape-reconstruction/data/labels/verse134_20.nii.gz')]
[PosixPath('/public/home/chenhb/cheryl/implicit-shape-reconstruction/data/labels/verse026_23.nii.gz')]
[PosixPath('/public/home/chenhb/cheryl/implicit-shape-reconstruction/data/labels/verse088_21.nii.gz')]
[PosixPath('/public/home/chenhb/cheryl/implicit-shape-reconstruction/data/labels/verse146_24.nii.gz')]
[PosixPath('/public/home/chenhb/cheryl/implicit-shape-reconstruction/data/labels/verse113_21.nii.gz')]
[PosixPath('/public/home/chenhb/cheryl/implicit-shape-reconstruction/data/labels/verse082_20.nii.gz')]
[PosixPath('/public/home/chenhb/cheryl/implicit-shape-reconstruction/data/labels/verse113_23.nii.gz')]
[PosixPath('/public/home/chenhb/cheryl/implicit-shape-reconstruction/data/labels/verse265_21.nii.gz')]
[PosixPath('/public/home/chenhb/cheryl/implicit-shape-reconstruction/data/labels/verse127_20.nii.gz')]
[PosixPath('/public/home/chenhb/cheryl/implicit-shape-reconstruction/data/labels/verse269_22.nii.gz')]
[PosixPath('/public/home/chenhb/cheryl/implicit-shape-reconstruction/data/labels/verse152_22.nii.gz')]
[PosixPath('/public/home/chenhb/cheryl/implicit-shape-reconstruction/data/labels/verse137_24.nii.gz')]
[PosixPath('/public/home/chenhb/cheryl/implicit-shape-reconstruction/data/labels/verse113_24.nii.gz')]
[PosixPath('/public/home/chenhb/cheryl/implicit-shape-reconstruction/data/labels/verse010_20.nii.gz')]
[PosixPath('/public/home/chenhb/cheryl/implicit-shape-reconstruction/data/labels/verse124_24.nii.gz')]
[PosixPath('/public/home/chenhb/cheryl/implicit-shape-reconstruction/data/labels/verse265_20.nii.gz')]
[PosixPath('/public/home/chenhb/cheryl/implicit-shape-reconstruction/data/labels/verse266_20.nii.gz')]
[PosixPath('/public/home/chenhb/cheryl/implicit-shape-reconstruction/data/labels/verse271_23.nii.gz')]
[PosixPath('/public/home/chenhb/cheryl/implicit-shape-reconstruction/data/labels/verse088_24.nii.gz')]
[PosixPath('/public/home/chenhb/cheryl/implicit-shape-reconstruction/data/labels/verse005_20.nii.gz')]
[PosixPath('/public/home/chenhb/cheryl/implicit-shape-reconstruction/data/labels/verse137_20.nii.gz')]
[PosixPath('/public/home/chenhb/cheryl/implicit-shape-reconstruction/data/labels/verse264_23.nii.gz')]
[PosixPath('/public/home/chenhb/cheryl/implicit-shape-reconstruction/data/labels/verse096_22.nii.gz')]
[PosixPath('/public/home/chenhb/cheryl/implicit-shape-reconstruction/data/labels/verse145_22.nii.gz')]
[PosixPath('/public/home/chenhb/cheryl/implicit-shape-reconstruction/data/labels/verse290_22.nii.gz')]
[PosixPath('/public/home/chenhb/cheryl/implicit-shape-reconstruction/data/labels/verse253_20.nii.gz')]
[PosixPath('/public/home/chenhb/cheryl/implicit-shape-reconstruction/data/labels/verse147_22.nii.gz')]
[PosixPath('/public/home/chenhb/cheryl/implicit-shape-reconstruction/data/labels/verse093_22.nii.gz')]
[PosixPath('/public/home/chenhb/cheryl/implicit-shape-reconstruction/data/labels/verse022_22.nii.gz')]
[PosixPath('/public/home/chenhb/cheryl/implicit-shape-reconstruction/data/labels/verse063_21.nii.gz')]
[PosixPath('/public/home/chenhb/cheryl/implicit-shape-reconstruction/data/labels/verse144_20.nii.gz')]
[PosixPath('/public/home/chenhb/cheryl/implicit-shape-reconstruction/data/labels/verse063_23.nii.gz')]
[PosixPath('/public/home/chenhb/cheryl/implicit-shape-reconstruction/data/labels/verse107_21.nii.gz')]
[PosixPath('/public/home/chenhb/cheryl/implicit-shape-reconstruction/data/labels/verse107_20.nii.gz')]
[PosixPath('/public/home/chenhb/cheryl/implicit-shape-reconstruction/data/labels/verse102_22.nii.gz')]
[PosixPath('/public/home/chenhb/cheryl/implicit-shape-reconstruction/data/labels/verse072_23.nii.gz')]
[PosixPath('/public/home/chenhb/cheryl/implicit-shape-reconstruction/data/labels/verse135_24.nii.gz')]
[PosixPath('/public/home/chenhb/cheryl/implicit-shape-reconstruction/data/labels/verse264_21.nii.gz')]
[PosixPath('/public/home/chenhb/cheryl/implicit-shape-reconstruction/data/labels/verse145_23.nii.gz')]
[PosixPath('/public/home/chenhb/cheryl/implicit-shape-reconstruction/data/labels/verse113_22.nii.gz')]
[PosixPath('/public/home/chenhb/cheryl/implicit-shape-reconstruction/data/labels/verse078_20.nii.gz')]
[PosixPath('/public/home/chenhb/cheryl/implicit-shape-reconstruction/data/labels/verse253_24.nii.gz')]
[PosixPath('/public/home/chenhb/cheryl/implicit-shape-reconstruction/data/labels/verse078_22.nii.gz')]
[PosixPath('/public/home/chenhb/cheryl/implicit-shape-reconstruction/data/labels/verse133_22.nii.gz')]
[PosixPath('/public/home/chenhb/cheryl/implicit-shape-reconstruction/data/labels/verse270_20.nii.gz')]
[PosixPath('/public/home/chenhb/cheryl/implicit-shape-reconstruction/data/labels/verse269_23.nii.gz')]
[PosixPath('/public/home/chenhb/cheryl/implicit-shape-reconstruction/data/labels/verse155_23.nii.gz')]
[PosixPath('/public/home/chenhb/cheryl/implicit-shape-reconstruction/data/labels/verse102_23.nii.gz')]
[PosixPath('/public/home/chenhb/cheryl/implicit-shape-reconstruction/data/labels/verse155_22.nii.gz')]
[PosixPath('/public/home/chenhb/cheryl/implicit-shape-reconstruction/data/labels/verse101_24.nii.gz')]
[PosixPath('/public/home/chenhb/cheryl/implicit-shape-reconstruction/data/labels/verse124_22.nii.gz')]
[PosixPath('/public/home/chenhb/cheryl/implicit-shape-reconstruction/data/labels/verse145_21.nii.gz')]
[PosixPath('/public/home/chenhb/cheryl/implicit-shape-reconstruction/data/labels/verse152_23.nii.gz')]
[PosixPath('/public/home/chenhb/cheryl/implicit-shape-reconstruction/data/labels/verse010_24.nii.gz')]
[PosixPath('/public/home/chenhb/cheryl/implicit-shape-reconstruction/data/labels/verse270_24.nii.gz')]
[PosixPath('/public/home/chenhb/cheryl/implicit-shape-reconstruction/data/labels/verse130_23.nii.gz')]
[PosixPath('/public/home/chenhb/cheryl/implicit-shape-reconstruction/data/labels/verse051_24.nii.gz')]
[PosixPath('/public/home/chenhb/cheryl/implicit-shape-reconstruction/data/labels/verse155_24.nii.gz')]
[PosixPath('/public/home/chenhb/cheryl/implicit-shape-reconstruction/data/labels/verse010_23.nii.gz')]
[PosixPath('/public/home/chenhb/cheryl/implicit-shape-reconstruction/data/labels/verse026_22.nii.gz')]
[PosixPath('/public/home/chenhb/cheryl/implicit-shape-reconstruction/data/labels/verse101_20.nii.gz')]
[PosixPath('/public/home/chenhb/cheryl/implicit-shape-reconstruction/data/labels/verse078_21.nii.gz')]
[PosixPath('/public/home/chenhb/cheryl/implicit-shape-reconstruction/data/labels/verse051_22.nii.gz')]
[PosixPath('/public/home/chenhb/cheryl/implicit-shape-reconstruction/data/labels/verse269_20.nii.gz')]
[PosixPath('/public/home/chenhb/cheryl/implicit-shape-reconstruction/data/labels/verse102_21.nii.gz')]
[PosixPath('/public/home/chenhb/cheryl/implicit-shape-reconstruction/data/labels/verse267_23.nii.gz')]
[PosixPath('/public/home/chenhb/cheryl/implicit-shape-reconstruction/data/labels/verse138_22.nii.gz')]
[PosixPath('/public/home/chenhb/cheryl/implicit-shape-reconstruction/data/labels/verse101_21.nii.gz')]
[PosixPath('/public/home/chenhb/cheryl/implicit-shape-reconstruction/data/labels/verse138_23.nii.gz')]
[PosixPath('/public/home/chenhb/cheryl/implicit-shape-reconstruction/data/labels/verse096_23.nii.gz')]
[PosixPath('/public/home/chenhb/cheryl/implicit-shape-reconstruction/data/labels/verse026_21.nii.gz')]
[PosixPath('/public/home/chenhb/cheryl/implicit-shape-reconstruction/data/labels/verse135_22.nii.gz')]
[PosixPath('/public/home/chenhb/cheryl/implicit-shape-reconstruction/data/labels/verse134_23.nii.gz')]
[PosixPath('/public/home/chenhb/cheryl/implicit-shape-reconstruction/data/labels/verse072_22.nii.gz')]
[PosixPath('/public/home/chenhb/cheryl/implicit-shape-reconstruction/data/labels/verse125_20.nii.gz')]
[PosixPath('/public/home/chenhb/cheryl/implicit-shape-reconstruction/data/labels/verse271_20.nii.gz')]
[PosixPath('/public/home/chenhb/cheryl/implicit-shape-reconstruction/data/labels/verse290_21.nii.gz')]
[PosixPath('/public/home/chenhb/cheryl/implicit-shape-reconstruction/data/labels/verse005_23.nii.gz')]
[PosixPath('/public/home/chenhb/cheryl/implicit-shape-reconstruction/data/labels/verse101_22.nii.gz')]
[PosixPath('/public/home/chenhb/cheryl/implicit-shape-reconstruction/data/labels/verse107_22.nii.gz')]
[PosixPath('/public/home/chenhb/cheryl/implicit-shape-reconstruction/data/labels/verse005_22.nii.gz')]
[PosixPath('/public/home/chenhb/cheryl/implicit-shape-reconstruction/data/labels/verse127_24.nii.gz')]
[PosixPath('/public/home/chenhb/cheryl/implicit-shape-reconstruction/data/labels/verse152_20.nii.gz')]
[PosixPath('/public/home/chenhb/cheryl/implicit-shape-reconstruction/data/labels/verse127_21.nii.gz')]
[PosixPath('/public/home/chenhb/cheryl/implicit-shape-reconstruction/data/labels/verse080_23.nii.gz')]
[PosixPath('/public/home/chenhb/cheryl/implicit-shape-reconstruction/data/labels/verse051_20.nii.gz')]
[PosixPath('/public/home/chenhb/cheryl/implicit-shape-reconstruction/data/labels/verse265_22.nii.gz')]
[PosixPath('/public/home/chenhb/cheryl/implicit-shape-reconstruction/data/labels/verse138_20.nii.gz')]
[PosixPath('/public/home/chenhb/cheryl/implicit-shape-reconstruction/data/labels/verse270_22.nii.gz')]
[PosixPath('/public/home/chenhb/cheryl/implicit-shape-reconstruction/data/labels/verse093_21.nii.gz')]
[PosixPath('/public/home/chenhb/cheryl/implicit-shape-reconstruction/data/labels/verse155_21.nii.gz')]
[PosixPath('/public/home/chenhb/cheryl/implicit-shape-reconstruction/data/labels/verse124_20.nii.gz')]
[PosixPath('/public/home/chenhb/cheryl/implicit-shape-reconstruction/data/labels/verse145_20.nii.gz')]
[PosixPath('/public/home/chenhb/cheryl/implicit-shape-reconstruction/data/labels/verse010_21.nii.gz')]
[PosixPath('/public/home/chenhb/cheryl/implicit-shape-reconstruction/data/labels/verse075_22.nii.gz')]
[PosixPath('/public/home/chenhb/cheryl/implicit-shape-reconstruction/data/labels/verse151_20.nii.gz')]
[PosixPath('/public/home/chenhb/cheryl/implicit-shape-reconstruction/data/labels/verse135_21.nii.gz')]
[PosixPath('/public/home/chenhb/cheryl/implicit-shape-reconstruction/data/labels/verse267_22.nii.gz')]
[PosixPath('/public/home/chenhb/cheryl/implicit-shape-reconstruction/data/labels/verse134_22.nii.gz')]
[PosixPath('/public/home/chenhb/cheryl/implicit-shape-reconstruction/data/labels/verse134_21.nii.gz')]
[PosixPath('/public/home/chenhb/cheryl/implicit-shape-reconstruction/data/labels/verse102_24.nii.gz')]
[PosixPath('/public/home/chenhb/cheryl/implicit-shape-reconstruction/data/labels/verse005_21.nii.gz')]
[PosixPath('/public/home/chenhb/cheryl/implicit-shape-reconstruction/data/labels/verse022_20.nii.gz')]
[PosixPath('/public/home/chenhb/cheryl/implicit-shape-reconstruction/data/labels/verse271_21.nii.gz')]
[PosixPath('/public/home/chenhb/cheryl/implicit-shape-reconstruction/data/labels/verse134_24.nii.gz')]
[PosixPath('/public/home/chenhb/cheryl/implicit-shape-reconstruction/data/labels/verse144_22.nii.gz')]
[PosixPath('/public/home/chenhb/cheryl/implicit-shape-reconstruction/data/labels/verse147_21.nii.gz')]
[PosixPath('/public/home/chenhb/cheryl/implicit-shape-reconstruction/data/labels/verse146_22.nii.gz')]
[PosixPath('/public/home/chenhb/cheryl/implicit-shape-reconstruction/data/labels/verse093_24.nii.gz')]
[PosixPath('/public/home/chenhb/cheryl/implicit-shape-reconstruction/data/labels/verse266_22.nii.gz')]
[PosixPath('/public/home/chenhb/cheryl/implicit-shape-reconstruction/data/labels/verse269_24.nii.gz')]
[PosixPath('/public/home/chenhb/cheryl/implicit-shape-reconstruction/data/labels/verse072_21.nii.gz')]
[PosixPath('/public/home/chenhb/cheryl/implicit-shape-reconstruction/data/labels/verse088_22.nii.gz')]
[PosixPath('/public/home/chenhb/cheryl/implicit-shape-reconstruction/data/labels/verse151_22.nii.gz')]
[PosixPath('/public/home/chenhb/cheryl/implicit-shape-reconstruction/data/labels/verse111_20.nii.gz')]
[PosixPath('/public/home/chenhb/cheryl/implicit-shape-reconstruction/data/labels/verse082_24.nii.gz')]
[PosixPath('/public/home/chenhb/cheryl/implicit-shape-reconstruction/data/labels/verse072_20.nii.gz')]
[PosixPath('/public/home/chenhb/cheryl/implicit-shape-reconstruction/data/labels/verse253_22.nii.gz')]
[PosixPath('/public/home/chenhb/cheryl/implicit-shape-reconstruction/data/labels/verse271_24.nii.gz')]
[PosixPath('/public/home/chenhb/cheryl/implicit-shape-reconstruction/data/labels/verse070_20.nii.gz')]
[PosixPath('/public/home/chenhb/cheryl/implicit-shape-reconstruction/data/labels/verse133_23.nii.gz')]
[PosixPath('/public/home/chenhb/cheryl/implicit-shape-reconstruction/data/labels/verse290_24.nii.gz')]
[PosixPath('/public/home/chenhb/cheryl/implicit-shape-reconstruction/data/labels/verse081_20.nii.gz')]
[PosixPath('/public/home/chenhb/cheryl/implicit-shape-reconstruction/data/labels/verse127_23.nii.gz')]
[PosixPath('/public/home/chenhb/cheryl/implicit-shape-reconstruction/data/labels/verse116_24.nii.gz')]
[PosixPath('/public/home/chenhb/cheryl/implicit-shape-reconstruction/data/labels/verse078_23.nii.gz')]
[PosixPath('/public/home/chenhb/cheryl/implicit-shape-reconstruction/data/labels/verse082_22.nii.gz')]
[PosixPath('/public/home/chenhb/cheryl/implicit-shape-reconstruction/data/labels/verse088_23.nii.gz')]
[PosixPath('/public/home/chenhb/cheryl/implicit-shape-reconstruction/data/labels/verse137_23.nii.gz')]
[PosixPath('/public/home/chenhb/cheryl/implicit-shape-reconstruction/data/labels/verse101_23.nii.gz')]
[PosixPath('/public/home/chenhb/cheryl/implicit-shape-reconstruction/data/labels/verse155_20.nii.gz')]
[PosixPath('/public/home/chenhb/cheryl/implicit-shape-reconstruction/data/labels/verse264_24.nii.gz')]
[PosixPath('/public/home/chenhb/cheryl/implicit-shape-reconstruction/data/labels/verse107_23.nii.gz')]
[PosixPath('/public/home/chenhb/cheryl/implicit-shape-reconstruction/data/labels/verse104_23.nii.gz')]
[PosixPath('/public/home/chenhb/cheryl/implicit-shape-reconstruction/data/labels/verse096_21.nii.gz')]
[PosixPath('/public/home/chenhb/cheryl/implicit-shape-reconstruction/data/labels/verse138_24.nii.gz')]
[PosixPath('/public/home/chenhb/cheryl/implicit-shape-reconstruction/data/labels/verse137_22.nii.gz')]
[PosixPath('/public/home/chenhb/cheryl/implicit-shape-reconstruction/data/labels/verse070_21.nii.gz')]
[PosixPath('/public/home/chenhb/cheryl/implicit-shape-reconstruction/data/labels/verse096_24.nii.gz')]
[PosixPath('/public/home/chenhb/cheryl/implicit-shape-reconstruction/data/labels/verse266_24.nii.gz')]
[PosixPath('/public/home/chenhb/cheryl/implicit-shape-reconstruction/data/labels/verse253_23.nii.gz')]
[PosixPath('/public/home/chenhb/cheryl/implicit-shape-reconstruction/data/labels/verse113_25.nii.gz')]
[PosixPath('/public/home/chenhb/cheryl/implicit-shape-reconstruction/data/labels/verse111_22.nii.gz')]
[PosixPath('/public/home/chenhb/cheryl/implicit-shape-reconstruction/data/labels/verse010_22.nii.gz')]
[PosixPath('/public/home/chenhb/cheryl/implicit-shape-reconstruction/data/labels/verse111_24.nii.gz')]
[PosixPath('/public/home/chenhb/cheryl/implicit-shape-reconstruction/data/labels/verse130_22.nii.gz')]
[PosixPath('/public/home/chenhb/cheryl/implicit-shape-reconstruction/data/labels/verse133_20.nii.gz')]
[PosixPath('/public/home/chenhb/cheryl/implicit-shape-reconstruction/data/labels/verse135_23.nii.gz')]
Volume size: tensor([128., 128., 128.]).
Loading validation data done (34 images): 4.57s
AutoDecoder(
  (occp_pred): OccupancyPredictor(
    (res_layers): ModuleList(
      (0): Sequential(
        (0): Linear(in_features=131, out_features=128, bias=True)
        (1): ReLU(inplace=True)
      )
      (1): Sequential(
        (0): Linear(in_features=128, out_features=128, bias=True)
        (1): ReLU(inplace=True)
      )
      (2): Sequential(
        (0): Linear(in_features=128, out_features=128, bias=True)
        (1): ReLU(inplace=True)
      )
      (3): Sequential(
        (0): Linear(in_features=128, out_features=128, bias=True)
        (1): ReLU(inplace=True)
      )
      (4): Sequential(
        (0): Linear(in_features=131, out_features=128, bias=True)
        (1): ReLU(inplace=True)
      )
      (5): Sequential(
        (0): Linear(in_features=128, out_features=128, bias=True)
        (1): ReLU(inplace=True)
      )
      (6): Sequential(
        (0): Linear(in_features=128, out_features=128, bias=True)
        (1): ReLU(inplace=True)
      )
    )
    (last_layer): Linear(in_features=128, out_features=1, bias=True)
  )
)
[1/40000] Avg loss: 0.9263; metric: 0.003; global step nb. 28 (38.7s)
[val] metric 0.000 (1.6s)
[3/40000] Avg loss: 0.7949; metric: 0.183; global step nb. 84 (38.0s)
[val] metric 0.372 (1.5s)
[5/40000] Avg loss: 0.5278; metric: 0.582; global step nb. 140 (37.9s)
[val] metric 0.620 (1.6s)
[7/40000] Avg loss: 0.4724; metric: 0.627; global step nb. 196 (37.9s)
[val] metric 0.657 (1.6s)
[9/40000] Avg loss: 0.4173; metric: 0.669; global step nb. 252 (37.8s)
[val] metric 0.687 (1.6s)
[11/40000] Avg loss: 0.3745; metric: 0.707; global step nb. 308 (38.1s)
[val] metric 0.714 (1.6s)
[13/40000] Avg loss: 0.3522; metric: 0.723; global step nb. 364 (37.8s)
[val] metric 0.707 (1.5s)
[15/40000] Avg loss: 0.3532; metric: 0.722; global step nb. 420 (38.3s)
[val] metric 0.717 (1.5s)
[17/40000] Avg loss: 0.3259; metric: 0.744; global step nb. 476 (37.9s)
[val] metric 0.708 (1.6s)
[19/40000] Avg loss: 0.3143; metric: 0.753; global step nb. 532 (38.4s)
[val] metric 0.739 (1.6s)
[21/40000] Avg loss: 0.2974; metric: 0.767; global step nb. 588 (38.2s)
[val] metric 0.751 (1.6s)
[23/40000] Avg loss: 0.2877; metric: 0.775; global step nb. 644 (38.2s)
[val] metric 0.756 (1.6s)
[25/40000] Avg loss: 0.2843; metric: 0.777; global step nb. 700 (38.1s)
[val] metric 0.760 (1.6s)
[27/40000] Avg loss: 0.2836; metric: 0.778; global step nb. 756 (38.3s)
[val] metric 0.768 (1.6s)
[29/40000] Avg loss: 0.2632; metric: 0.795; global step nb. 812 (38.4s)
[val] metric 0.780 (1.6s)
[31/40000] Avg loss: 0.2534; metric: 0.803; global step nb. 868 (38.3s)
[val] metric 0.779 (1.6s)
[33/40000] Avg loss: 0.2444; metric: 0.809; global step nb. 924 (38.3s)
[val] metric 0.790 (1.6s)
[35/40000] Avg loss: 0.2519; metric: 0.802; global step nb. 980 (38.3s)
[val] metric 0.793 (1.6s)
[37/40000] Avg loss: 0.2256; metric: 0.825; global step nb. 1036 (38.5s)
[val] metric 0.793 (1.6s)
[39/40000] Avg loss: 0.2179; metric: 0.831; global step nb. 1092 (37.9s)
[val] metric 0.813 (1.6s)
[41/40000] Avg loss: 0.2176; metric: 0.830; global step nb. 1148 (37.8s)
[val] metric 0.815 (1.6s)
[43/40000] Avg loss: 0.2196; metric: 0.828; global step nb. 1204 (38.3s)
[val] metric 0.779 (1.6s)
[45/40000] Avg loss: 0.2101; metric: 0.836; global step nb. 1260 (37.8s)
[val] metric 0.793 (1.5s)
[47/40000] Avg loss: 0.1985; metric: 0.846; global step nb. 1316 (38.1s)
[val] metric 0.813 (1.6s)
[49/40000] Avg loss: 0.1922; metric: 0.851; global step nb. 1372 (38.3s)
[val] metric 0.823 (1.6s)
[51/40000] Avg loss: 0.1895; metric: 0.853; global step nb. 1428 (38.4s)
[val] metric 0.816 (1.5s)
[53/40000] Avg loss: 0.1862; metric: 0.855; global step nb. 1484 (38.5s)
[val] metric 0.820 (1.6s)
[55/40000] Avg loss: 0.1832; metric: 0.857; global step nb. 1540 (37.9s)
[val] metric 0.820 (1.6s)
[57/40000] Avg loss: 0.1758; metric: 0.863; global step nb. 1596 (38.2s)
[val] metric 0.830 (1.6s)
[59/40000] Avg loss: 0.1834; metric: 0.856; global step nb. 1652 (38.3s)
[val] metric 0.828 (1.6s)
[61/40000] Avg loss: 0.1984; metric: 0.844; global step nb. 1708 (38.3s)
[val] metric 0.828 (1.6s)
[63/40000] Avg loss: 0.1832; metric: 0.856; global step nb. 1764 (37.9s)
[val] metric 0.801 (1.6s)
[65/40000] Avg loss: 0.1761; metric: 0.862; global step nb. 1820 (38.4s)
[val] metric 0.836 (1.6s)
[67/40000] Avg loss: 0.1661; metric: 0.871; global step nb. 1876 (38.4s)
[val] metric 0.831 (1.6s)
[69/40000] Avg loss: 0.1743; metric: 0.863; global step nb. 1932 (38.1s)
[val] metric 0.821 (1.6s)
[71/40000] Avg loss: 0.1639; metric: 0.872; global step nb. 1988 (38.3s)
[val] metric 0.841 (1.6s)
[73/40000] Avg loss: 0.1579; metric: 0.877; global step nb. 2044 (38.5s)
[val] metric 0.841 (1.6s)
[75/40000] Avg loss: 0.1679; metric: 0.869; global step nb. 2100 (37.8s)
[val] metric 0.834 (1.6s)
[77/40000] Avg loss: 0.1650; metric: 0.871; global step nb. 2156 (38.4s)
[val] metric 0.843 (1.7s)
[79/40000] Avg loss: 0.1639; metric: 0.872; global step nb. 2212 (37.9s)
[val] metric 0.838 (1.5s)
[81/40000] Avg loss: 0.1548; metric: 0.879; global step nb. 2268 (38.2s)
[val] metric 0.841 (1.6s)
[83/40000] Avg loss: 0.1464; metric: 0.886; global step nb. 2324 (38.2s)
[val] metric 0.839 (1.6s)
[85/40000] Avg loss: 0.1445; metric: 0.888; global step nb. 2380 (38.2s)
[val] metric 0.845 (1.6s)
[87/40000] Avg loss: 0.1528; metric: 0.881; global step nb. 2436 (38.3s)
[val] metric 0.849 (1.6s)
[89/40000] Avg loss: 0.1483; metric: 0.884; global step nb. 2492 (38.1s)
[val] metric 0.847 (1.5s)
[91/40000] Avg loss: 0.1521; metric: 0.881; global step nb. 2548 (38.4s)
[val] metric 0.846 (1.5s)
[93/40000] Avg loss: 0.1517; metric: 0.881; global step nb. 2604 (38.0s)
[val] metric 0.830 (1.6s)
[95/40000] Avg loss: 0.1486; metric: 0.883; global step nb. 2660 (37.8s)
[val] metric 0.844 (1.6s)
