Loading training data into memory...
[PosixPath('/public/home/chenhb/cheryl/implicit-shape-reconstruction/data/labels/verse111_23.nii.gz')]
[PosixPath('/public/home/chenhb/cheryl/implicit-shape-reconstruction/data/labels/verse127_22.nii.gz')]
[PosixPath('/public/home/chenhb/cheryl/implicit-shape-reconstruction/data/labels/verse026_20.nii.gz')]
[PosixPath('/public/home/chenhb/cheryl/implicit-shape-reconstruction/data/labels/verse265_23.nii.gz')]
[PosixPath('/public/home/chenhb/cheryl/implicit-shape-reconstruction/data/labels/verse063_22.nii.gz')]
[PosixPath('/public/home/chenhb/cheryl/implicit-shape-reconstruction/data/labels/verse022_23.nii.gz')]
[PosixPath('/public/home/chenhb/cheryl/implicit-shape-reconstruction/data/labels/verse270_23.nii.gz')]
[PosixPath('/public/home/chenhb/cheryl/implicit-shape-reconstruction/data/labels/verse152_24.nii.gz')]
[PosixPath('/public/home/chenhb/cheryl/implicit-shape-reconstruction/data/labels/verse137_21.nii.gz')]
[PosixPath('/public/home/chenhb/cheryl/implicit-shape-reconstruction/data/labels/verse151_24.nii.gz')]
[PosixPath('/public/home/chenhb/cheryl/implicit-shape-reconstruction/data/labels/verse096_20.nii.gz')]
[PosixPath('/public/home/chenhb/cheryl/implicit-shape-reconstruction/data/labels/verse071_24.nii.gz')]
[PosixPath('/public/home/chenhb/cheryl/implicit-shape-reconstruction/data/labels/verse063_24.nii.gz')]
[PosixPath('/public/home/chenhb/cheryl/implicit-shape-reconstruction/data/labels/verse138_21.nii.gz')]
[PosixPath('/public/home/chenhb/cheryl/implicit-shape-reconstruction/data/labels/verse130_21.nii.gz')]
[PosixPath('/public/home/chenhb/cheryl/implicit-shape-reconstruction/data/labels/verse147_23.nii.gz')]
[PosixPath('/public/home/chenhb/cheryl/implicit-shape-reconstruction/data/labels/verse144_24.nii.gz')]
[PosixPath('/public/home/chenhb/cheryl/implicit-shape-reconstruction/data/labels/verse080_24.nii.gz')]
[PosixPath('/public/home/chenhb/cheryl/implicit-shape-reconstruction/data/labels/verse075_21.nii.gz')]
[PosixPath('/public/home/chenhb/cheryl/implicit-shape-reconstruction/data/labels/verse151_23.nii.gz')]
[PosixPath('/public/home/chenhb/cheryl/implicit-shape-reconstruction/data/labels/verse147_20.nii.gz')]
[PosixPath('/public/home/chenhb/cheryl/implicit-shape-reconstruction/data/labels/verse080_22.nii.gz')]
[PosixPath('/public/home/chenhb/cheryl/implicit-shape-reconstruction/data/labels/verse093_23.nii.gz')]
[PosixPath('/public/home/chenhb/cheryl/implicit-shape-reconstruction/data/labels/verse104_24.nii.gz')]
[PosixPath('/public/home/chenhb/cheryl/implicit-shape-reconstruction/data/labels/verse082_23.nii.gz')]
[PosixPath('/public/home/chenhb/cheryl/implicit-shape-reconstruction/data/labels/verse104_22.nii.gz')]
[PosixPath('/public/home/chenhb/cheryl/implicit-shape-reconstruction/data/labels/verse269_21.nii.gz')]
[PosixPath('/public/home/chenhb/cheryl/implicit-shape-reconstruction/data/labels/verse271_22.nii.gz')]
[PosixPath('/public/home/chenhb/cheryl/implicit-shape-reconstruction/data/labels/verse063_20.nii.gz')]
[PosixPath('/public/home/chenhb/cheryl/implicit-shape-reconstruction/data/labels/verse264_22.nii.gz')]
[PosixPath('/public/home/chenhb/cheryl/implicit-shape-reconstruction/data/labels/verse005_24.nii.gz')]
[PosixPath('/public/home/chenhb/cheryl/implicit-shape-reconstruction/data/labels/verse082_21.nii.gz')]
[PosixPath('/public/home/chenhb/cheryl/implicit-shape-reconstruction/data/labels/verse147_24.nii.gz')]
[PosixPath('/public/home/chenhb/cheryl/implicit-shape-reconstruction/data/labels/verse152_21.nii.gz')]
[PosixPath('/public/home/chenhb/cheryl/implicit-shape-reconstruction/data/labels/verse151_21.nii.gz')]
[PosixPath('/public/home/chenhb/cheryl/implicit-shape-reconstruction/data/labels/verse078_24.nii.gz')]
[PosixPath('/public/home/chenhb/cheryl/implicit-shape-reconstruction/data/labels/verse133_24.nii.gz')]
[PosixPath('/public/home/chenhb/cheryl/implicit-shape-reconstruction/data/labels/verse071_23.nii.gz')]
[PosixPath('/public/home/chenhb/cheryl/implicit-shape-reconstruction/data/labels/verse075_20.nii.gz')]
[PosixPath('/public/home/chenhb/cheryl/implicit-shape-reconstruction/data/labels/verse267_20.nii.gz')]
[PosixPath('/public/home/chenhb/cheryl/implicit-shape-reconstruction/data/labels/verse111_21.nii.gz')]
[PosixPath('/public/home/chenhb/cheryl/implicit-shape-reconstruction/data/labels/verse070_22.nii.gz')]
[PosixPath('/public/home/chenhb/cheryl/implicit-shape-reconstruction/data/labels/verse130_24.nii.gz')]
[PosixPath('/public/home/chenhb/cheryl/implicit-shape-reconstruction/data/labels/verse124_21.nii.gz')]
[PosixPath('/public/home/chenhb/cheryl/implicit-shape-reconstruction/data/labels/verse264_20.nii.gz')]
[PosixPath('/public/home/chenhb/cheryl/implicit-shape-reconstruction/data/labels/verse022_24.nii.gz')]
[PosixPath('/public/home/chenhb/cheryl/implicit-shape-reconstruction/data/labels/verse088_20.nii.gz')]
[PosixPath('/public/home/chenhb/cheryl/implicit-shape-reconstruction/data/labels/verse072_24.nii.gz')]
[PosixPath('/public/home/chenhb/cheryl/implicit-shape-reconstruction/data/labels/verse093_20.nii.gz')]
[PosixPath('/public/home/chenhb/cheryl/implicit-shape-reconstruction/data/labels/verse253_21.nii.gz')]
[PosixPath('/public/home/chenhb/cheryl/implicit-shape-reconstruction/data/labels/verse051_21.nii.gz')]
[PosixPath('/public/home/chenhb/cheryl/implicit-shape-reconstruction/data/labels/verse135_20.nii.gz')]
[PosixPath('/public/home/chenhb/cheryl/implicit-shape-reconstruction/data/labels/verse130_20.nii.gz')]
[PosixPath('/public/home/chenhb/cheryl/implicit-shape-reconstruction/data/labels/verse266_23.nii.gz')]
[PosixPath('/public/home/chenhb/cheryl/implicit-shape-reconstruction/data/labels/verse267_21.nii.gz')]
[PosixPath('/public/home/chenhb/cheryl/implicit-shape-reconstruction/data/labels/verse144_21.nii.gz')]
[PosixPath('/public/home/chenhb/cheryl/implicit-shape-reconstruction/data/labels/verse071_20.nii.gz')]
[PosixPath('/public/home/chenhb/cheryl/implicit-shape-reconstruction/data/labels/verse026_24.nii.gz')]
[PosixPath('/public/home/chenhb/cheryl/implicit-shape-reconstruction/data/labels/verse070_23.nii.gz')]
[PosixPath('/public/home/chenhb/cheryl/implicit-shape-reconstruction/data/labels/verse080_21.nii.gz')]
[PosixPath('/public/home/chenhb/cheryl/implicit-shape-reconstruction/data/labels/verse081_21.nii.gz')]
[PosixPath('/public/home/chenhb/cheryl/implicit-shape-reconstruction/data/labels/verse290_20.nii.gz')]
[PosixPath('/public/home/chenhb/cheryl/implicit-shape-reconstruction/data/labels/verse265_24.nii.gz')]
[PosixPath('/public/home/chenhb/cheryl/implicit-shape-reconstruction/data/labels/verse104_21.nii.gz')]
[PosixPath('/public/home/chenhb/cheryl/implicit-shape-reconstruction/data/labels/verse022_21.nii.gz')]
[PosixPath('/public/home/chenhb/cheryl/implicit-shape-reconstruction/data/labels/verse146_23.nii.gz')]
[PosixPath('/public/home/chenhb/cheryl/implicit-shape-reconstruction/data/labels/verse070_24.nii.gz')]
[PosixPath('/public/home/chenhb/cheryl/implicit-shape-reconstruction/data/labels/verse080_20.nii.gz')]
[PosixPath('/public/home/chenhb/cheryl/implicit-shape-reconstruction/data/labels/verse290_23.nii.gz')]
[PosixPath('/public/home/chenhb/cheryl/implicit-shape-reconstruction/data/labels/verse270_21.nii.gz')]
[PosixPath('/public/home/chenhb/cheryl/implicit-shape-reconstruction/data/labels/verse071_22.nii.gz')]
[PosixPath('/public/home/chenhb/cheryl/implicit-shape-reconstruction/data/labels/verse124_23.nii.gz')]
[PosixPath('/public/home/chenhb/cheryl/implicit-shape-reconstruction/data/labels/verse107_24.nii.gz')]
[PosixPath('/public/home/chenhb/cheryl/implicit-shape-reconstruction/data/labels/verse133_21.nii.gz')]
[PosixPath('/public/home/chenhb/cheryl/implicit-shape-reconstruction/data/labels/verse144_23.nii.gz')]
[PosixPath('/public/home/chenhb/cheryl/implicit-shape-reconstruction/data/labels/verse266_21.nii.gz')]
[PosixPath('/public/home/chenhb/cheryl/implicit-shape-reconstruction/data/labels/verse145_24.nii.gz')]
[PosixPath('/public/home/chenhb/cheryl/implicit-shape-reconstruction/data/labels/verse051_23.nii.gz')]
[PosixPath('/public/home/chenhb/cheryl/implicit-shape-reconstruction/data/labels/verse102_20.nii.gz')]
[PosixPath('/public/home/chenhb/cheryl/implicit-shape-reconstruction/data/labels/verse071_21.nii.gz')]
[PosixPath('/public/home/chenhb/cheryl/implicit-shape-reconstruction/data/labels/verse267_24.nii.gz')]
[PosixPath('/public/home/chenhb/cheryl/implicit-shape-reconstruction/data/labels/verse104_20.nii.gz')]
[PosixPath('/public/home/chenhb/cheryl/implicit-shape-reconstruction/data/labels/verse134_20.nii.gz')]
[PosixPath('/public/home/chenhb/cheryl/implicit-shape-reconstruction/data/labels/verse026_23.nii.gz')]
[PosixPath('/public/home/chenhb/cheryl/implicit-shape-reconstruction/data/labels/verse088_21.nii.gz')]
[PosixPath('/public/home/chenhb/cheryl/implicit-shape-reconstruction/data/labels/verse146_24.nii.gz')]
[PosixPath('/public/home/chenhb/cheryl/implicit-shape-reconstruction/data/labels/verse113_21.nii.gz')]
[PosixPath('/public/home/chenhb/cheryl/implicit-shape-reconstruction/data/labels/verse082_20.nii.gz')]
[PosixPath('/public/home/chenhb/cheryl/implicit-shape-reconstruction/data/labels/verse113_23.nii.gz')]
[PosixPath('/public/home/chenhb/cheryl/implicit-shape-reconstruction/data/labels/verse265_21.nii.gz')]
[PosixPath('/public/home/chenhb/cheryl/implicit-shape-reconstruction/data/labels/verse127_20.nii.gz')]
[PosixPath('/public/home/chenhb/cheryl/implicit-shape-reconstruction/data/labels/verse269_22.nii.gz')]
[PosixPath('/public/home/chenhb/cheryl/implicit-shape-reconstruction/data/labels/verse152_22.nii.gz')]
[PosixPath('/public/home/chenhb/cheryl/implicit-shape-reconstruction/data/labels/verse137_24.nii.gz')]
[PosixPath('/public/home/chenhb/cheryl/implicit-shape-reconstruction/data/labels/verse113_24.nii.gz')]
[PosixPath('/public/home/chenhb/cheryl/implicit-shape-reconstruction/data/labels/verse010_20.nii.gz')]
[PosixPath('/public/home/chenhb/cheryl/implicit-shape-reconstruction/data/labels/verse124_24.nii.gz')]
[PosixPath('/public/home/chenhb/cheryl/implicit-shape-reconstruction/data/labels/verse265_20.nii.gz')]
[PosixPath('/public/home/chenhb/cheryl/implicit-shape-reconstruction/data/labels/verse266_20.nii.gz')]
[PosixPath('/public/home/chenhb/cheryl/implicit-shape-reconstruction/data/labels/verse271_23.nii.gz')]
[PosixPath('/public/home/chenhb/cheryl/implicit-shape-reconstruction/data/labels/verse088_24.nii.gz')]
[PosixPath('/public/home/chenhb/cheryl/implicit-shape-reconstruction/data/labels/verse005_20.nii.gz')]
[PosixPath('/public/home/chenhb/cheryl/implicit-shape-reconstruction/data/labels/verse137_20.nii.gz')]
[PosixPath('/public/home/chenhb/cheryl/implicit-shape-reconstruction/data/labels/verse264_23.nii.gz')]
[PosixPath('/public/home/chenhb/cheryl/implicit-shape-reconstruction/data/labels/verse096_22.nii.gz')]
[PosixPath('/public/home/chenhb/cheryl/implicit-shape-reconstruction/data/labels/verse145_22.nii.gz')]
[PosixPath('/public/home/chenhb/cheryl/implicit-shape-reconstruction/data/labels/verse290_22.nii.gz')]
[PosixPath('/public/home/chenhb/cheryl/implicit-shape-reconstruction/data/labels/verse253_20.nii.gz')]
[PosixPath('/public/home/chenhb/cheryl/implicit-shape-reconstruction/data/labels/verse147_22.nii.gz')]
[PosixPath('/public/home/chenhb/cheryl/implicit-shape-reconstruction/data/labels/verse093_22.nii.gz')]
[PosixPath('/public/home/chenhb/cheryl/implicit-shape-reconstruction/data/labels/verse022_22.nii.gz')]
[PosixPath('/public/home/chenhb/cheryl/implicit-shape-reconstruction/data/labels/verse063_21.nii.gz')]
[PosixPath('/public/home/chenhb/cheryl/implicit-shape-reconstruction/data/labels/verse144_20.nii.gz')]
[PosixPath('/public/home/chenhb/cheryl/implicit-shape-reconstruction/data/labels/verse063_23.nii.gz')]
[PosixPath('/public/home/chenhb/cheryl/implicit-shape-reconstruction/data/labels/verse107_21.nii.gz')]
[PosixPath('/public/home/chenhb/cheryl/implicit-shape-reconstruction/data/labels/verse107_20.nii.gz')]
[PosixPath('/public/home/chenhb/cheryl/implicit-shape-reconstruction/data/labels/verse102_22.nii.gz')]
[PosixPath('/public/home/chenhb/cheryl/implicit-shape-reconstruction/data/labels/verse072_23.nii.gz')]
[PosixPath('/public/home/chenhb/cheryl/implicit-shape-reconstruction/data/labels/verse135_24.nii.gz')]
[PosixPath('/public/home/chenhb/cheryl/implicit-shape-reconstruction/data/labels/verse264_21.nii.gz')]
[PosixPath('/public/home/chenhb/cheryl/implicit-shape-reconstruction/data/labels/verse145_23.nii.gz')]
[PosixPath('/public/home/chenhb/cheryl/implicit-shape-reconstruction/data/labels/verse113_22.nii.gz')]
[PosixPath('/public/home/chenhb/cheryl/implicit-shape-reconstruction/data/labels/verse078_20.nii.gz')]
[PosixPath('/public/home/chenhb/cheryl/implicit-shape-reconstruction/data/labels/verse253_24.nii.gz')]
[PosixPath('/public/home/chenhb/cheryl/implicit-shape-reconstruction/data/labels/verse078_22.nii.gz')]
[PosixPath('/public/home/chenhb/cheryl/implicit-shape-reconstruction/data/labels/verse133_22.nii.gz')]
[PosixPath('/public/home/chenhb/cheryl/implicit-shape-reconstruction/data/labels/verse270_20.nii.gz')]
[PosixPath('/public/home/chenhb/cheryl/implicit-shape-reconstruction/data/labels/verse269_23.nii.gz')]
[PosixPath('/public/home/chenhb/cheryl/implicit-shape-reconstruction/data/labels/verse155_23.nii.gz')]
[PosixPath('/public/home/chenhb/cheryl/implicit-shape-reconstruction/data/labels/verse102_23.nii.gz')]
[PosixPath('/public/home/chenhb/cheryl/implicit-shape-reconstruction/data/labels/verse155_22.nii.gz')]
[PosixPath('/public/home/chenhb/cheryl/implicit-shape-reconstruction/data/labels/verse101_24.nii.gz')]
[PosixPath('/public/home/chenhb/cheryl/implicit-shape-reconstruction/data/labels/verse124_22.nii.gz')]
[PosixPath('/public/home/chenhb/cheryl/implicit-shape-reconstruction/data/labels/verse145_21.nii.gz')]
[PosixPath('/public/home/chenhb/cheryl/implicit-shape-reconstruction/data/labels/verse152_23.nii.gz')]
[PosixPath('/public/home/chenhb/cheryl/implicit-shape-reconstruction/data/labels/verse010_24.nii.gz')]
[PosixPath('/public/home/chenhb/cheryl/implicit-shape-reconstruction/data/labels/verse270_24.nii.gz')]
[PosixPath('/public/home/chenhb/cheryl/implicit-shape-reconstruction/data/labels/verse130_23.nii.gz')]
[PosixPath('/public/home/chenhb/cheryl/implicit-shape-reconstruction/data/labels/verse051_24.nii.gz')]
[PosixPath('/public/home/chenhb/cheryl/implicit-shape-reconstruction/data/labels/verse155_24.nii.gz')]
[PosixPath('/public/home/chenhb/cheryl/implicit-shape-reconstruction/data/labels/verse010_23.nii.gz')]
[PosixPath('/public/home/chenhb/cheryl/implicit-shape-reconstruction/data/labels/verse026_22.nii.gz')]
[PosixPath('/public/home/chenhb/cheryl/implicit-shape-reconstruction/data/labels/verse101_20.nii.gz')]
[PosixPath('/public/home/chenhb/cheryl/implicit-shape-reconstruction/data/labels/verse078_21.nii.gz')]
[PosixPath('/public/home/chenhb/cheryl/implicit-shape-reconstruction/data/labels/verse051_22.nii.gz')]
[PosixPath('/public/home/chenhb/cheryl/implicit-shape-reconstruction/data/labels/verse269_20.nii.gz')]
[PosixPath('/public/home/chenhb/cheryl/implicit-shape-reconstruction/data/labels/verse102_21.nii.gz')]
[PosixPath('/public/home/chenhb/cheryl/implicit-shape-reconstruction/data/labels/verse267_23.nii.gz')]
[PosixPath('/public/home/chenhb/cheryl/implicit-shape-reconstruction/data/labels/verse138_22.nii.gz')]
[PosixPath('/public/home/chenhb/cheryl/implicit-shape-reconstruction/data/labels/verse101_21.nii.gz')]
[PosixPath('/public/home/chenhb/cheryl/implicit-shape-reconstruction/data/labels/verse138_23.nii.gz')]
[PosixPath('/public/home/chenhb/cheryl/implicit-shape-reconstruction/data/labels/verse096_23.nii.gz')]
[PosixPath('/public/home/chenhb/cheryl/implicit-shape-reconstruction/data/labels/verse026_21.nii.gz')]
[PosixPath('/public/home/chenhb/cheryl/implicit-shape-reconstruction/data/labels/verse135_22.nii.gz')]
[PosixPath('/public/home/chenhb/cheryl/implicit-shape-reconstruction/data/labels/verse134_23.nii.gz')]
[PosixPath('/public/home/chenhb/cheryl/implicit-shape-reconstruction/data/labels/verse072_22.nii.gz')]
[PosixPath('/public/home/chenhb/cheryl/implicit-shape-reconstruction/data/labels/verse125_20.nii.gz')]
[PosixPath('/public/home/chenhb/cheryl/implicit-shape-reconstruction/data/labels/verse271_20.nii.gz')]
[PosixPath('/public/home/chenhb/cheryl/implicit-shape-reconstruction/data/labels/verse290_21.nii.gz')]
[PosixPath('/public/home/chenhb/cheryl/implicit-shape-reconstruction/data/labels/verse005_23.nii.gz')]
[PosixPath('/public/home/chenhb/cheryl/implicit-shape-reconstruction/data/labels/verse101_22.nii.gz')]
[PosixPath('/public/home/chenhb/cheryl/implicit-shape-reconstruction/data/labels/verse107_22.nii.gz')]
[PosixPath('/public/home/chenhb/cheryl/implicit-shape-reconstruction/data/labels/verse005_22.nii.gz')]
[PosixPath('/public/home/chenhb/cheryl/implicit-shape-reconstruction/data/labels/verse127_24.nii.gz')]
[PosixPath('/public/home/chenhb/cheryl/implicit-shape-reconstruction/data/labels/verse152_20.nii.gz')]
[PosixPath('/public/home/chenhb/cheryl/implicit-shape-reconstruction/data/labels/verse127_21.nii.gz')]
[PosixPath('/public/home/chenhb/cheryl/implicit-shape-reconstruction/data/labels/verse080_23.nii.gz')]
[PosixPath('/public/home/chenhb/cheryl/implicit-shape-reconstruction/data/labels/verse051_20.nii.gz')]
[PosixPath('/public/home/chenhb/cheryl/implicit-shape-reconstruction/data/labels/verse265_22.nii.gz')]
[PosixPath('/public/home/chenhb/cheryl/implicit-shape-reconstruction/data/labels/verse138_20.nii.gz')]
[PosixPath('/public/home/chenhb/cheryl/implicit-shape-reconstruction/data/labels/verse270_22.nii.gz')]
[PosixPath('/public/home/chenhb/cheryl/implicit-shape-reconstruction/data/labels/verse093_21.nii.gz')]
[PosixPath('/public/home/chenhb/cheryl/implicit-shape-reconstruction/data/labels/verse155_21.nii.gz')]
[PosixPath('/public/home/chenhb/cheryl/implicit-shape-reconstruction/data/labels/verse124_20.nii.gz')]
[PosixPath('/public/home/chenhb/cheryl/implicit-shape-reconstruction/data/labels/verse145_20.nii.gz')]
[PosixPath('/public/home/chenhb/cheryl/implicit-shape-reconstruction/data/labels/verse010_21.nii.gz')]
[PosixPath('/public/home/chenhb/cheryl/implicit-shape-reconstruction/data/labels/verse075_22.nii.gz')]
[PosixPath('/public/home/chenhb/cheryl/implicit-shape-reconstruction/data/labels/verse151_20.nii.gz')]
[PosixPath('/public/home/chenhb/cheryl/implicit-shape-reconstruction/data/labels/verse135_21.nii.gz')]
[PosixPath('/public/home/chenhb/cheryl/implicit-shape-reconstruction/data/labels/verse267_22.nii.gz')]
[PosixPath('/public/home/chenhb/cheryl/implicit-shape-reconstruction/data/labels/verse134_22.nii.gz')]
[PosixPath('/public/home/chenhb/cheryl/implicit-shape-reconstruction/data/labels/verse134_21.nii.gz')]
[PosixPath('/public/home/chenhb/cheryl/implicit-shape-reconstruction/data/labels/verse102_24.nii.gz')]
[PosixPath('/public/home/chenhb/cheryl/implicit-shape-reconstruction/data/labels/verse005_21.nii.gz')]
[PosixPath('/public/home/chenhb/cheryl/implicit-shape-reconstruction/data/labels/verse022_20.nii.gz')]
[PosixPath('/public/home/chenhb/cheryl/implicit-shape-reconstruction/data/labels/verse271_21.nii.gz')]
[PosixPath('/public/home/chenhb/cheryl/implicit-shape-reconstruction/data/labels/verse134_24.nii.gz')]
[PosixPath('/public/home/chenhb/cheryl/implicit-shape-reconstruction/data/labels/verse144_22.nii.gz')]
[PosixPath('/public/home/chenhb/cheryl/implicit-shape-reconstruction/data/labels/verse147_21.nii.gz')]
[PosixPath('/public/home/chenhb/cheryl/implicit-shape-reconstruction/data/labels/verse146_22.nii.gz')]
[PosixPath('/public/home/chenhb/cheryl/implicit-shape-reconstruction/data/labels/verse093_24.nii.gz')]
[PosixPath('/public/home/chenhb/cheryl/implicit-shape-reconstruction/data/labels/verse266_22.nii.gz')]
[PosixPath('/public/home/chenhb/cheryl/implicit-shape-reconstruction/data/labels/verse269_24.nii.gz')]
[PosixPath('/public/home/chenhb/cheryl/implicit-shape-reconstruction/data/labels/verse072_21.nii.gz')]
[PosixPath('/public/home/chenhb/cheryl/implicit-shape-reconstruction/data/labels/verse088_22.nii.gz')]
[PosixPath('/public/home/chenhb/cheryl/implicit-shape-reconstruction/data/labels/verse151_22.nii.gz')]
[PosixPath('/public/home/chenhb/cheryl/implicit-shape-reconstruction/data/labels/verse111_20.nii.gz')]
[PosixPath('/public/home/chenhb/cheryl/implicit-shape-reconstruction/data/labels/verse082_24.nii.gz')]
[PosixPath('/public/home/chenhb/cheryl/implicit-shape-reconstruction/data/labels/verse072_20.nii.gz')]
[PosixPath('/public/home/chenhb/cheryl/implicit-shape-reconstruction/data/labels/verse253_22.nii.gz')]
[PosixPath('/public/home/chenhb/cheryl/implicit-shape-reconstruction/data/labels/verse271_24.nii.gz')]
[PosixPath('/public/home/chenhb/cheryl/implicit-shape-reconstruction/data/labels/verse070_20.nii.gz')]
[PosixPath('/public/home/chenhb/cheryl/implicit-shape-reconstruction/data/labels/verse133_23.nii.gz')]
[PosixPath('/public/home/chenhb/cheryl/implicit-shape-reconstruction/data/labels/verse290_24.nii.gz')]
[PosixPath('/public/home/chenhb/cheryl/implicit-shape-reconstruction/data/labels/verse081_20.nii.gz')]
[PosixPath('/public/home/chenhb/cheryl/implicit-shape-reconstruction/data/labels/verse127_23.nii.gz')]
[PosixPath('/public/home/chenhb/cheryl/implicit-shape-reconstruction/data/labels/verse116_24.nii.gz')]
[PosixPath('/public/home/chenhb/cheryl/implicit-shape-reconstruction/data/labels/verse078_23.nii.gz')]
[PosixPath('/public/home/chenhb/cheryl/implicit-shape-reconstruction/data/labels/verse082_22.nii.gz')]
[PosixPath('/public/home/chenhb/cheryl/implicit-shape-reconstruction/data/labels/verse088_23.nii.gz')]
[PosixPath('/public/home/chenhb/cheryl/implicit-shape-reconstruction/data/labels/verse137_23.nii.gz')]
[PosixPath('/public/home/chenhb/cheryl/implicit-shape-reconstruction/data/labels/verse101_23.nii.gz')]
[PosixPath('/public/home/chenhb/cheryl/implicit-shape-reconstruction/data/labels/verse155_20.nii.gz')]
[PosixPath('/public/home/chenhb/cheryl/implicit-shape-reconstruction/data/labels/verse264_24.nii.gz')]
[PosixPath('/public/home/chenhb/cheryl/implicit-shape-reconstruction/data/labels/verse107_23.nii.gz')]
[PosixPath('/public/home/chenhb/cheryl/implicit-shape-reconstruction/data/labels/verse104_23.nii.gz')]
[PosixPath('/public/home/chenhb/cheryl/implicit-shape-reconstruction/data/labels/verse096_21.nii.gz')]
[PosixPath('/public/home/chenhb/cheryl/implicit-shape-reconstruction/data/labels/verse138_24.nii.gz')]
[PosixPath('/public/home/chenhb/cheryl/implicit-shape-reconstruction/data/labels/verse137_22.nii.gz')]
[PosixPath('/public/home/chenhb/cheryl/implicit-shape-reconstruction/data/labels/verse070_21.nii.gz')]
[PosixPath('/public/home/chenhb/cheryl/implicit-shape-reconstruction/data/labels/verse096_24.nii.gz')]
[PosixPath('/public/home/chenhb/cheryl/implicit-shape-reconstruction/data/labels/verse266_24.nii.gz')]
[PosixPath('/public/home/chenhb/cheryl/implicit-shape-reconstruction/data/labels/verse253_23.nii.gz')]
[PosixPath('/public/home/chenhb/cheryl/implicit-shape-reconstruction/data/labels/verse113_25.nii.gz')]
[PosixPath('/public/home/chenhb/cheryl/implicit-shape-reconstruction/data/labels/verse111_22.nii.gz')]
[PosixPath('/public/home/chenhb/cheryl/implicit-shape-reconstruction/data/labels/verse010_22.nii.gz')]
[PosixPath('/public/home/chenhb/cheryl/implicit-shape-reconstruction/data/labels/verse111_24.nii.gz')]
[PosixPath('/public/home/chenhb/cheryl/implicit-shape-reconstruction/data/labels/verse130_22.nii.gz')]
[PosixPath('/public/home/chenhb/cheryl/implicit-shape-reconstruction/data/labels/verse133_20.nii.gz')]
[PosixPath('/public/home/chenhb/cheryl/implicit-shape-reconstruction/data/labels/verse135_23.nii.gz')]
Volume size: tensor([128., 128., 128.]).
Loading training data done (230 images): 7.58s
Loading validation data into memory...
[PosixPath('/public/home/chenhb/cheryl/implicit-shape-reconstruction/data/labels/verse111_23.nii.gz')]
[PosixPath('/public/home/chenhb/cheryl/implicit-shape-reconstruction/data/labels/verse127_22.nii.gz')]
[PosixPath('/public/home/chenhb/cheryl/implicit-shape-reconstruction/data/labels/verse026_20.nii.gz')]
[PosixPath('/public/home/chenhb/cheryl/implicit-shape-reconstruction/data/labels/verse265_23.nii.gz')]
[PosixPath('/public/home/chenhb/cheryl/implicit-shape-reconstruction/data/labels/verse063_22.nii.gz')]
[PosixPath('/public/home/chenhb/cheryl/implicit-shape-reconstruction/data/labels/verse022_23.nii.gz')]
[PosixPath('/public/home/chenhb/cheryl/implicit-shape-reconstruction/data/labels/verse270_23.nii.gz')]
[PosixPath('/public/home/chenhb/cheryl/implicit-shape-reconstruction/data/labels/verse152_24.nii.gz')]
[PosixPath('/public/home/chenhb/cheryl/implicit-shape-reconstruction/data/labels/verse137_21.nii.gz')]
[PosixPath('/public/home/chenhb/cheryl/implicit-shape-reconstruction/data/labels/verse151_24.nii.gz')]
[PosixPath('/public/home/chenhb/cheryl/implicit-shape-reconstruction/data/labels/verse096_20.nii.gz')]
[PosixPath('/public/home/chenhb/cheryl/implicit-shape-reconstruction/data/labels/verse071_24.nii.gz')]
[PosixPath('/public/home/chenhb/cheryl/implicit-shape-reconstruction/data/labels/verse063_24.nii.gz')]
[PosixPath('/public/home/chenhb/cheryl/implicit-shape-reconstruction/data/labels/verse138_21.nii.gz')]
[PosixPath('/public/home/chenhb/cheryl/implicit-shape-reconstruction/data/labels/verse130_21.nii.gz')]
[PosixPath('/public/home/chenhb/cheryl/implicit-shape-reconstruction/data/labels/verse147_23.nii.gz')]
[PosixPath('/public/home/chenhb/cheryl/implicit-shape-reconstruction/data/labels/verse144_24.nii.gz')]
[PosixPath('/public/home/chenhb/cheryl/implicit-shape-reconstruction/data/labels/verse080_24.nii.gz')]
[PosixPath('/public/home/chenhb/cheryl/implicit-shape-reconstruction/data/labels/verse075_21.nii.gz')]
[PosixPath('/public/home/chenhb/cheryl/implicit-shape-reconstruction/data/labels/verse151_23.nii.gz')]
[PosixPath('/public/home/chenhb/cheryl/implicit-shape-reconstruction/data/labels/verse147_20.nii.gz')]
[PosixPath('/public/home/chenhb/cheryl/implicit-shape-reconstruction/data/labels/verse080_22.nii.gz')]
[PosixPath('/public/home/chenhb/cheryl/implicit-shape-reconstruction/data/labels/verse093_23.nii.gz')]
[PosixPath('/public/home/chenhb/cheryl/implicit-shape-reconstruction/data/labels/verse104_24.nii.gz')]
[PosixPath('/public/home/chenhb/cheryl/implicit-shape-reconstruction/data/labels/verse082_23.nii.gz')]
[PosixPath('/public/home/chenhb/cheryl/implicit-shape-reconstruction/data/labels/verse104_22.nii.gz')]
[PosixPath('/public/home/chenhb/cheryl/implicit-shape-reconstruction/data/labels/verse269_21.nii.gz')]
[PosixPath('/public/home/chenhb/cheryl/implicit-shape-reconstruction/data/labels/verse271_22.nii.gz')]
[PosixPath('/public/home/chenhb/cheryl/implicit-shape-reconstruction/data/labels/verse063_20.nii.gz')]
[PosixPath('/public/home/chenhb/cheryl/implicit-shape-reconstruction/data/labels/verse264_22.nii.gz')]
[PosixPath('/public/home/chenhb/cheryl/implicit-shape-reconstruction/data/labels/verse005_24.nii.gz')]
[PosixPath('/public/home/chenhb/cheryl/implicit-shape-reconstruction/data/labels/verse082_21.nii.gz')]
[PosixPath('/public/home/chenhb/cheryl/implicit-shape-reconstruction/data/labels/verse147_24.nii.gz')]
[PosixPath('/public/home/chenhb/cheryl/implicit-shape-reconstruction/data/labels/verse152_21.nii.gz')]
[PosixPath('/public/home/chenhb/cheryl/implicit-shape-reconstruction/data/labels/verse151_21.nii.gz')]
[PosixPath('/public/home/chenhb/cheryl/implicit-shape-reconstruction/data/labels/verse078_24.nii.gz')]
[PosixPath('/public/home/chenhb/cheryl/implicit-shape-reconstruction/data/labels/verse133_24.nii.gz')]
[PosixPath('/public/home/chenhb/cheryl/implicit-shape-reconstruction/data/labels/verse071_23.nii.gz')]
[PosixPath('/public/home/chenhb/cheryl/implicit-shape-reconstruction/data/labels/verse075_20.nii.gz')]
[PosixPath('/public/home/chenhb/cheryl/implicit-shape-reconstruction/data/labels/verse267_20.nii.gz')]
[PosixPath('/public/home/chenhb/cheryl/implicit-shape-reconstruction/data/labels/verse111_21.nii.gz')]
[PosixPath('/public/home/chenhb/cheryl/implicit-shape-reconstruction/data/labels/verse070_22.nii.gz')]
[PosixPath('/public/home/chenhb/cheryl/implicit-shape-reconstruction/data/labels/verse130_24.nii.gz')]
[PosixPath('/public/home/chenhb/cheryl/implicit-shape-reconstruction/data/labels/verse124_21.nii.gz')]
[PosixPath('/public/home/chenhb/cheryl/implicit-shape-reconstruction/data/labels/verse264_20.nii.gz')]
[PosixPath('/public/home/chenhb/cheryl/implicit-shape-reconstruction/data/labels/verse022_24.nii.gz')]
[PosixPath('/public/home/chenhb/cheryl/implicit-shape-reconstruction/data/labels/verse088_20.nii.gz')]
[PosixPath('/public/home/chenhb/cheryl/implicit-shape-reconstruction/data/labels/verse072_24.nii.gz')]
[PosixPath('/public/home/chenhb/cheryl/implicit-shape-reconstruction/data/labels/verse093_20.nii.gz')]
[PosixPath('/public/home/chenhb/cheryl/implicit-shape-reconstruction/data/labels/verse253_21.nii.gz')]
[PosixPath('/public/home/chenhb/cheryl/implicit-shape-reconstruction/data/labels/verse051_21.nii.gz')]
[PosixPath('/public/home/chenhb/cheryl/implicit-shape-reconstruction/data/labels/verse135_20.nii.gz')]
[PosixPath('/public/home/chenhb/cheryl/implicit-shape-reconstruction/data/labels/verse130_20.nii.gz')]
[PosixPath('/public/home/chenhb/cheryl/implicit-shape-reconstruction/data/labels/verse266_23.nii.gz')]
[PosixPath('/public/home/chenhb/cheryl/implicit-shape-reconstruction/data/labels/verse267_21.nii.gz')]
[PosixPath('/public/home/chenhb/cheryl/implicit-shape-reconstruction/data/labels/verse144_21.nii.gz')]
[PosixPath('/public/home/chenhb/cheryl/implicit-shape-reconstruction/data/labels/verse071_20.nii.gz')]
[PosixPath('/public/home/chenhb/cheryl/implicit-shape-reconstruction/data/labels/verse026_24.nii.gz')]
[PosixPath('/public/home/chenhb/cheryl/implicit-shape-reconstruction/data/labels/verse070_23.nii.gz')]
[PosixPath('/public/home/chenhb/cheryl/implicit-shape-reconstruction/data/labels/verse080_21.nii.gz')]
[PosixPath('/public/home/chenhb/cheryl/implicit-shape-reconstruction/data/labels/verse081_21.nii.gz')]
[PosixPath('/public/home/chenhb/cheryl/implicit-shape-reconstruction/data/labels/verse290_20.nii.gz')]
[PosixPath('/public/home/chenhb/cheryl/implicit-shape-reconstruction/data/labels/verse265_24.nii.gz')]
[PosixPath('/public/home/chenhb/cheryl/implicit-shape-reconstruction/data/labels/verse104_21.nii.gz')]
[PosixPath('/public/home/chenhb/cheryl/implicit-shape-reconstruction/data/labels/verse022_21.nii.gz')]
[PosixPath('/public/home/chenhb/cheryl/implicit-shape-reconstruction/data/labels/verse146_23.nii.gz')]
[PosixPath('/public/home/chenhb/cheryl/implicit-shape-reconstruction/data/labels/verse070_24.nii.gz')]
[PosixPath('/public/home/chenhb/cheryl/implicit-shape-reconstruction/data/labels/verse080_20.nii.gz')]
[PosixPath('/public/home/chenhb/cheryl/implicit-shape-reconstruction/data/labels/verse290_23.nii.gz')]
[PosixPath('/public/home/chenhb/cheryl/implicit-shape-reconstruction/data/labels/verse270_21.nii.gz')]
[PosixPath('/public/home/chenhb/cheryl/implicit-shape-reconstruction/data/labels/verse071_22.nii.gz')]
[PosixPath('/public/home/chenhb/cheryl/implicit-shape-reconstruction/data/labels/verse124_23.nii.gz')]
[PosixPath('/public/home/chenhb/cheryl/implicit-shape-reconstruction/data/labels/verse107_24.nii.gz')]
[PosixPath('/public/home/chenhb/cheryl/implicit-shape-reconstruction/data/labels/verse133_21.nii.gz')]
[PosixPath('/public/home/chenhb/cheryl/implicit-shape-reconstruction/data/labels/verse144_23.nii.gz')]
[PosixPath('/public/home/chenhb/cheryl/implicit-shape-reconstruction/data/labels/verse266_21.nii.gz')]
[PosixPath('/public/home/chenhb/cheryl/implicit-shape-reconstruction/data/labels/verse145_24.nii.gz')]
[PosixPath('/public/home/chenhb/cheryl/implicit-shape-reconstruction/data/labels/verse051_23.nii.gz')]
[PosixPath('/public/home/chenhb/cheryl/implicit-shape-reconstruction/data/labels/verse102_20.nii.gz')]
[PosixPath('/public/home/chenhb/cheryl/implicit-shape-reconstruction/data/labels/verse071_21.nii.gz')]
[PosixPath('/public/home/chenhb/cheryl/implicit-shape-reconstruction/data/labels/verse267_24.nii.gz')]
[PosixPath('/public/home/chenhb/cheryl/implicit-shape-reconstruction/data/labels/verse104_20.nii.gz')]
[PosixPath('/public/home/chenhb/cheryl/implicit-shape-reconstruction/data/labels/verse134_20.nii.gz')]
[PosixPath('/public/home/chenhb/cheryl/implicit-shape-reconstruction/data/labels/verse026_23.nii.gz')]
[PosixPath('/public/home/chenhb/cheryl/implicit-shape-reconstruction/data/labels/verse088_21.nii.gz')]
[PosixPath('/public/home/chenhb/cheryl/implicit-shape-reconstruction/data/labels/verse146_24.nii.gz')]
[PosixPath('/public/home/chenhb/cheryl/implicit-shape-reconstruction/data/labels/verse113_21.nii.gz')]
[PosixPath('/public/home/chenhb/cheryl/implicit-shape-reconstruction/data/labels/verse082_20.nii.gz')]
[PosixPath('/public/home/chenhb/cheryl/implicit-shape-reconstruction/data/labels/verse113_23.nii.gz')]
[PosixPath('/public/home/chenhb/cheryl/implicit-shape-reconstruction/data/labels/verse265_21.nii.gz')]
[PosixPath('/public/home/chenhb/cheryl/implicit-shape-reconstruction/data/labels/verse127_20.nii.gz')]
[PosixPath('/public/home/chenhb/cheryl/implicit-shape-reconstruction/data/labels/verse269_22.nii.gz')]
[PosixPath('/public/home/chenhb/cheryl/implicit-shape-reconstruction/data/labels/verse152_22.nii.gz')]
[PosixPath('/public/home/chenhb/cheryl/implicit-shape-reconstruction/data/labels/verse137_24.nii.gz')]
[PosixPath('/public/home/chenhb/cheryl/implicit-shape-reconstruction/data/labels/verse113_24.nii.gz')]
[PosixPath('/public/home/chenhb/cheryl/implicit-shape-reconstruction/data/labels/verse010_20.nii.gz')]
[PosixPath('/public/home/chenhb/cheryl/implicit-shape-reconstruction/data/labels/verse124_24.nii.gz')]
[PosixPath('/public/home/chenhb/cheryl/implicit-shape-reconstruction/data/labels/verse265_20.nii.gz')]
[PosixPath('/public/home/chenhb/cheryl/implicit-shape-reconstruction/data/labels/verse266_20.nii.gz')]
[PosixPath('/public/home/chenhb/cheryl/implicit-shape-reconstruction/data/labels/verse271_23.nii.gz')]
[PosixPath('/public/home/chenhb/cheryl/implicit-shape-reconstruction/data/labels/verse088_24.nii.gz')]
[PosixPath('/public/home/chenhb/cheryl/implicit-shape-reconstruction/data/labels/verse005_20.nii.gz')]
[PosixPath('/public/home/chenhb/cheryl/implicit-shape-reconstruction/data/labels/verse137_20.nii.gz')]
[PosixPath('/public/home/chenhb/cheryl/implicit-shape-reconstruction/data/labels/verse264_23.nii.gz')]
[PosixPath('/public/home/chenhb/cheryl/implicit-shape-reconstruction/data/labels/verse096_22.nii.gz')]
[PosixPath('/public/home/chenhb/cheryl/implicit-shape-reconstruction/data/labels/verse145_22.nii.gz')]
[PosixPath('/public/home/chenhb/cheryl/implicit-shape-reconstruction/data/labels/verse290_22.nii.gz')]
[PosixPath('/public/home/chenhb/cheryl/implicit-shape-reconstruction/data/labels/verse253_20.nii.gz')]
[PosixPath('/public/home/chenhb/cheryl/implicit-shape-reconstruction/data/labels/verse147_22.nii.gz')]
[PosixPath('/public/home/chenhb/cheryl/implicit-shape-reconstruction/data/labels/verse093_22.nii.gz')]
[PosixPath('/public/home/chenhb/cheryl/implicit-shape-reconstruction/data/labels/verse022_22.nii.gz')]
[PosixPath('/public/home/chenhb/cheryl/implicit-shape-reconstruction/data/labels/verse063_21.nii.gz')]
[PosixPath('/public/home/chenhb/cheryl/implicit-shape-reconstruction/data/labels/verse144_20.nii.gz')]
[PosixPath('/public/home/chenhb/cheryl/implicit-shape-reconstruction/data/labels/verse063_23.nii.gz')]
[PosixPath('/public/home/chenhb/cheryl/implicit-shape-reconstruction/data/labels/verse107_21.nii.gz')]
[PosixPath('/public/home/chenhb/cheryl/implicit-shape-reconstruction/data/labels/verse107_20.nii.gz')]
[PosixPath('/public/home/chenhb/cheryl/implicit-shape-reconstruction/data/labels/verse102_22.nii.gz')]
[PosixPath('/public/home/chenhb/cheryl/implicit-shape-reconstruction/data/labels/verse072_23.nii.gz')]
[PosixPath('/public/home/chenhb/cheryl/implicit-shape-reconstruction/data/labels/verse135_24.nii.gz')]
[PosixPath('/public/home/chenhb/cheryl/implicit-shape-reconstruction/data/labels/verse264_21.nii.gz')]
[PosixPath('/public/home/chenhb/cheryl/implicit-shape-reconstruction/data/labels/verse145_23.nii.gz')]
[PosixPath('/public/home/chenhb/cheryl/implicit-shape-reconstruction/data/labels/verse113_22.nii.gz')]
[PosixPath('/public/home/chenhb/cheryl/implicit-shape-reconstruction/data/labels/verse078_20.nii.gz')]
[PosixPath('/public/home/chenhb/cheryl/implicit-shape-reconstruction/data/labels/verse253_24.nii.gz')]
[PosixPath('/public/home/chenhb/cheryl/implicit-shape-reconstruction/data/labels/verse078_22.nii.gz')]
[PosixPath('/public/home/chenhb/cheryl/implicit-shape-reconstruction/data/labels/verse133_22.nii.gz')]
[PosixPath('/public/home/chenhb/cheryl/implicit-shape-reconstruction/data/labels/verse270_20.nii.gz')]
[PosixPath('/public/home/chenhb/cheryl/implicit-shape-reconstruction/data/labels/verse269_23.nii.gz')]
[PosixPath('/public/home/chenhb/cheryl/implicit-shape-reconstruction/data/labels/verse155_23.nii.gz')]
[PosixPath('/public/home/chenhb/cheryl/implicit-shape-reconstruction/data/labels/verse102_23.nii.gz')]
[PosixPath('/public/home/chenhb/cheryl/implicit-shape-reconstruction/data/labels/verse155_22.nii.gz')]
[PosixPath('/public/home/chenhb/cheryl/implicit-shape-reconstruction/data/labels/verse101_24.nii.gz')]
[PosixPath('/public/home/chenhb/cheryl/implicit-shape-reconstruction/data/labels/verse124_22.nii.gz')]
[PosixPath('/public/home/chenhb/cheryl/implicit-shape-reconstruction/data/labels/verse145_21.nii.gz')]
[PosixPath('/public/home/chenhb/cheryl/implicit-shape-reconstruction/data/labels/verse152_23.nii.gz')]
[PosixPath('/public/home/chenhb/cheryl/implicit-shape-reconstruction/data/labels/verse010_24.nii.gz')]
[PosixPath('/public/home/chenhb/cheryl/implicit-shape-reconstruction/data/labels/verse270_24.nii.gz')]
[PosixPath('/public/home/chenhb/cheryl/implicit-shape-reconstruction/data/labels/verse130_23.nii.gz')]
[PosixPath('/public/home/chenhb/cheryl/implicit-shape-reconstruction/data/labels/verse051_24.nii.gz')]
[PosixPath('/public/home/chenhb/cheryl/implicit-shape-reconstruction/data/labels/verse155_24.nii.gz')]
[PosixPath('/public/home/chenhb/cheryl/implicit-shape-reconstruction/data/labels/verse010_23.nii.gz')]
[PosixPath('/public/home/chenhb/cheryl/implicit-shape-reconstruction/data/labels/verse026_22.nii.gz')]
[PosixPath('/public/home/chenhb/cheryl/implicit-shape-reconstruction/data/labels/verse101_20.nii.gz')]
[PosixPath('/public/home/chenhb/cheryl/implicit-shape-reconstruction/data/labels/verse078_21.nii.gz')]
[PosixPath('/public/home/chenhb/cheryl/implicit-shape-reconstruction/data/labels/verse051_22.nii.gz')]
[PosixPath('/public/home/chenhb/cheryl/implicit-shape-reconstruction/data/labels/verse269_20.nii.gz')]
[PosixPath('/public/home/chenhb/cheryl/implicit-shape-reconstruction/data/labels/verse102_21.nii.gz')]
[PosixPath('/public/home/chenhb/cheryl/implicit-shape-reconstruction/data/labels/verse267_23.nii.gz')]
[PosixPath('/public/home/chenhb/cheryl/implicit-shape-reconstruction/data/labels/verse138_22.nii.gz')]
[PosixPath('/public/home/chenhb/cheryl/implicit-shape-reconstruction/data/labels/verse101_21.nii.gz')]
[PosixPath('/public/home/chenhb/cheryl/implicit-shape-reconstruction/data/labels/verse138_23.nii.gz')]
[PosixPath('/public/home/chenhb/cheryl/implicit-shape-reconstruction/data/labels/verse096_23.nii.gz')]
[PosixPath('/public/home/chenhb/cheryl/implicit-shape-reconstruction/data/labels/verse026_21.nii.gz')]
[PosixPath('/public/home/chenhb/cheryl/implicit-shape-reconstruction/data/labels/verse135_22.nii.gz')]
[PosixPath('/public/home/chenhb/cheryl/implicit-shape-reconstruction/data/labels/verse134_23.nii.gz')]
[PosixPath('/public/home/chenhb/cheryl/implicit-shape-reconstruction/data/labels/verse072_22.nii.gz')]
[PosixPath('/public/home/chenhb/cheryl/implicit-shape-reconstruction/data/labels/verse125_20.nii.gz')]
[PosixPath('/public/home/chenhb/cheryl/implicit-shape-reconstruction/data/labels/verse271_20.nii.gz')]
[PosixPath('/public/home/chenhb/cheryl/implicit-shape-reconstruction/data/labels/verse290_21.nii.gz')]
[PosixPath('/public/home/chenhb/cheryl/implicit-shape-reconstruction/data/labels/verse005_23.nii.gz')]
[PosixPath('/public/home/chenhb/cheryl/implicit-shape-reconstruction/data/labels/verse101_22.nii.gz')]
[PosixPath('/public/home/chenhb/cheryl/implicit-shape-reconstruction/data/labels/verse107_22.nii.gz')]
[PosixPath('/public/home/chenhb/cheryl/implicit-shape-reconstruction/data/labels/verse005_22.nii.gz')]
[PosixPath('/public/home/chenhb/cheryl/implicit-shape-reconstruction/data/labels/verse127_24.nii.gz')]
[PosixPath('/public/home/chenhb/cheryl/implicit-shape-reconstruction/data/labels/verse152_20.nii.gz')]
[PosixPath('/public/home/chenhb/cheryl/implicit-shape-reconstruction/data/labels/verse127_21.nii.gz')]
[PosixPath('/public/home/chenhb/cheryl/implicit-shape-reconstruction/data/labels/verse080_23.nii.gz')]
[PosixPath('/public/home/chenhb/cheryl/implicit-shape-reconstruction/data/labels/verse051_20.nii.gz')]
[PosixPath('/public/home/chenhb/cheryl/implicit-shape-reconstruction/data/labels/verse265_22.nii.gz')]
[PosixPath('/public/home/chenhb/cheryl/implicit-shape-reconstruction/data/labels/verse138_20.nii.gz')]
[PosixPath('/public/home/chenhb/cheryl/implicit-shape-reconstruction/data/labels/verse270_22.nii.gz')]
[PosixPath('/public/home/chenhb/cheryl/implicit-shape-reconstruction/data/labels/verse093_21.nii.gz')]
[PosixPath('/public/home/chenhb/cheryl/implicit-shape-reconstruction/data/labels/verse155_21.nii.gz')]
[PosixPath('/public/home/chenhb/cheryl/implicit-shape-reconstruction/data/labels/verse124_20.nii.gz')]
[PosixPath('/public/home/chenhb/cheryl/implicit-shape-reconstruction/data/labels/verse145_20.nii.gz')]
[PosixPath('/public/home/chenhb/cheryl/implicit-shape-reconstruction/data/labels/verse010_21.nii.gz')]
[PosixPath('/public/home/chenhb/cheryl/implicit-shape-reconstruction/data/labels/verse075_22.nii.gz')]
[PosixPath('/public/home/chenhb/cheryl/implicit-shape-reconstruction/data/labels/verse151_20.nii.gz')]
[PosixPath('/public/home/chenhb/cheryl/implicit-shape-reconstruction/data/labels/verse135_21.nii.gz')]
[PosixPath('/public/home/chenhb/cheryl/implicit-shape-reconstruction/data/labels/verse267_22.nii.gz')]
[PosixPath('/public/home/chenhb/cheryl/implicit-shape-reconstruction/data/labels/verse134_22.nii.gz')]
[PosixPath('/public/home/chenhb/cheryl/implicit-shape-reconstruction/data/labels/verse134_21.nii.gz')]
[PosixPath('/public/home/chenhb/cheryl/implicit-shape-reconstruction/data/labels/verse102_24.nii.gz')]
[PosixPath('/public/home/chenhb/cheryl/implicit-shape-reconstruction/data/labels/verse005_21.nii.gz')]
[PosixPath('/public/home/chenhb/cheryl/implicit-shape-reconstruction/data/labels/verse022_20.nii.gz')]
[PosixPath('/public/home/chenhb/cheryl/implicit-shape-reconstruction/data/labels/verse271_21.nii.gz')]
[PosixPath('/public/home/chenhb/cheryl/implicit-shape-reconstruction/data/labels/verse134_24.nii.gz')]
[PosixPath('/public/home/chenhb/cheryl/implicit-shape-reconstruction/data/labels/verse144_22.nii.gz')]
[PosixPath('/public/home/chenhb/cheryl/implicit-shape-reconstruction/data/labels/verse147_21.nii.gz')]
[PosixPath('/public/home/chenhb/cheryl/implicit-shape-reconstruction/data/labels/verse146_22.nii.gz')]
[PosixPath('/public/home/chenhb/cheryl/implicit-shape-reconstruction/data/labels/verse093_24.nii.gz')]
[PosixPath('/public/home/chenhb/cheryl/implicit-shape-reconstruction/data/labels/verse266_22.nii.gz')]
[PosixPath('/public/home/chenhb/cheryl/implicit-shape-reconstruction/data/labels/verse269_24.nii.gz')]
[PosixPath('/public/home/chenhb/cheryl/implicit-shape-reconstruction/data/labels/verse072_21.nii.gz')]
[PosixPath('/public/home/chenhb/cheryl/implicit-shape-reconstruction/data/labels/verse088_22.nii.gz')]
[PosixPath('/public/home/chenhb/cheryl/implicit-shape-reconstruction/data/labels/verse151_22.nii.gz')]
[PosixPath('/public/home/chenhb/cheryl/implicit-shape-reconstruction/data/labels/verse111_20.nii.gz')]
[PosixPath('/public/home/chenhb/cheryl/implicit-shape-reconstruction/data/labels/verse082_24.nii.gz')]
[PosixPath('/public/home/chenhb/cheryl/implicit-shape-reconstruction/data/labels/verse072_20.nii.gz')]
[PosixPath('/public/home/chenhb/cheryl/implicit-shape-reconstruction/data/labels/verse253_22.nii.gz')]
[PosixPath('/public/home/chenhb/cheryl/implicit-shape-reconstruction/data/labels/verse271_24.nii.gz')]
[PosixPath('/public/home/chenhb/cheryl/implicit-shape-reconstruction/data/labels/verse070_20.nii.gz')]
[PosixPath('/public/home/chenhb/cheryl/implicit-shape-reconstruction/data/labels/verse133_23.nii.gz')]
[PosixPath('/public/home/chenhb/cheryl/implicit-shape-reconstruction/data/labels/verse290_24.nii.gz')]
[PosixPath('/public/home/chenhb/cheryl/implicit-shape-reconstruction/data/labels/verse081_20.nii.gz')]
[PosixPath('/public/home/chenhb/cheryl/implicit-shape-reconstruction/data/labels/verse127_23.nii.gz')]
[PosixPath('/public/home/chenhb/cheryl/implicit-shape-reconstruction/data/labels/verse116_24.nii.gz')]
[PosixPath('/public/home/chenhb/cheryl/implicit-shape-reconstruction/data/labels/verse078_23.nii.gz')]
[PosixPath('/public/home/chenhb/cheryl/implicit-shape-reconstruction/data/labels/verse082_22.nii.gz')]
[PosixPath('/public/home/chenhb/cheryl/implicit-shape-reconstruction/data/labels/verse088_23.nii.gz')]
[PosixPath('/public/home/chenhb/cheryl/implicit-shape-reconstruction/data/labels/verse137_23.nii.gz')]
[PosixPath('/public/home/chenhb/cheryl/implicit-shape-reconstruction/data/labels/verse101_23.nii.gz')]
[PosixPath('/public/home/chenhb/cheryl/implicit-shape-reconstruction/data/labels/verse155_20.nii.gz')]
[PosixPath('/public/home/chenhb/cheryl/implicit-shape-reconstruction/data/labels/verse264_24.nii.gz')]
[PosixPath('/public/home/chenhb/cheryl/implicit-shape-reconstruction/data/labels/verse107_23.nii.gz')]
[PosixPath('/public/home/chenhb/cheryl/implicit-shape-reconstruction/data/labels/verse104_23.nii.gz')]
[PosixPath('/public/home/chenhb/cheryl/implicit-shape-reconstruction/data/labels/verse096_21.nii.gz')]
[PosixPath('/public/home/chenhb/cheryl/implicit-shape-reconstruction/data/labels/verse138_24.nii.gz')]
[PosixPath('/public/home/chenhb/cheryl/implicit-shape-reconstruction/data/labels/verse137_22.nii.gz')]
[PosixPath('/public/home/chenhb/cheryl/implicit-shape-reconstruction/data/labels/verse070_21.nii.gz')]
[PosixPath('/public/home/chenhb/cheryl/implicit-shape-reconstruction/data/labels/verse096_24.nii.gz')]
[PosixPath('/public/home/chenhb/cheryl/implicit-shape-reconstruction/data/labels/verse266_24.nii.gz')]
[PosixPath('/public/home/chenhb/cheryl/implicit-shape-reconstruction/data/labels/verse253_23.nii.gz')]
[PosixPath('/public/home/chenhb/cheryl/implicit-shape-reconstruction/data/labels/verse113_25.nii.gz')]
[PosixPath('/public/home/chenhb/cheryl/implicit-shape-reconstruction/data/labels/verse111_22.nii.gz')]
[PosixPath('/public/home/chenhb/cheryl/implicit-shape-reconstruction/data/labels/verse010_22.nii.gz')]
[PosixPath('/public/home/chenhb/cheryl/implicit-shape-reconstruction/data/labels/verse111_24.nii.gz')]
[PosixPath('/public/home/chenhb/cheryl/implicit-shape-reconstruction/data/labels/verse130_22.nii.gz')]
[PosixPath('/public/home/chenhb/cheryl/implicit-shape-reconstruction/data/labels/verse133_20.nii.gz')]
[PosixPath('/public/home/chenhb/cheryl/implicit-shape-reconstruction/data/labels/verse135_23.nii.gz')]
Volume size: tensor([128., 128., 128.]).
Loading validation data done (34 images): 5.88s
AutoDecoder(
  (occp_pred): OccupancyPredictor(
    (res_layers): ModuleList(
      (0): Sequential(
        (0): Linear(in_features=131, out_features=128, bias=True)
        (1): ReLU(inplace=True)
      )
      (1): Sequential(
        (0): Linear(in_features=128, out_features=128, bias=True)
        (1): ReLU(inplace=True)
      )
      (2): Sequential(
        (0): Linear(in_features=128, out_features=128, bias=True)
        (1): ReLU(inplace=True)
      )
      (3): Sequential(
        (0): Linear(in_features=128, out_features=128, bias=True)
        (1): ReLU(inplace=True)
      )
      (4): Sequential(
        (0): Linear(in_features=131, out_features=128, bias=True)
        (1): ReLU(inplace=True)
      )
      (5): Sequential(
        (0): Linear(in_features=128, out_features=128, bias=True)
        (1): ReLU(inplace=True)
      )
      (6): Sequential(
        (0): Linear(in_features=128, out_features=128, bias=True)
        (1): ReLU(inplace=True)
      )
    )
    (last_layer): Linear(in_features=128, out_features=1, bias=True)
  )
)
